ERROR - 2025-02-15 06:04:33 --> Error connecting to the database: mysqli_sql_exception: No such file or directory in /home/diariniaina/projects/codeigniter/firststep/system/Database/MySQLi/Connection.php:201
Stack trace:
#0 /home/diariniaina/projects/codeigniter/firststep/system/Database/MySQLi/Connection.php(201): mysqli->real_connect()
#1 /home/diariniaina/projects/codeigniter/firststep/system/Database/BaseConnection.php(421): CodeIgniter\Database\MySQLi\Connection->connect()
#2 /home/diariniaina/projects/codeigniter/firststep/system/Database/BaseConnection.php(620): CodeIgniter\Database\BaseConnection->initialize()
#3 /home/diariniaina/projects/codeigniter/firststep/app/Controllers/ApiController.php(16): CodeIgniter\Database\BaseConnection->query()
#4 /home/diariniaina/projects/codeigniter/firststep/system/CodeIgniter.php(933): App\Controllers\ApiController->index()
#5 /home/diariniaina/projects/codeigniter/firststep/system/CodeIgniter.php(507): CodeIgniter\CodeIgniter->runController()
#6 /home/diariniaina/projects/codeigniter/firststep/system/CodeIgniter.php(354): CodeIgniter\CodeIgniter->handleRequest()
#7 /home/diariniaina/projects/codeigniter/firststep/system/Boot.php(334): CodeIgniter\CodeIgniter->run()
#8 /home/diariniaina/projects/codeigniter/firststep/system/Boot.php(67): CodeIgniter\Boot::runCodeIgniter()
#9 /home/diariniaina/projects/codeigniter/firststep/public/index.php(56): CodeIgniter\Boot::bootWeb()
#10 /home/diariniaina/projects/codeigniter/firststep/system/rewrite.php(44): require_once('...')
#11 {main}

Next CodeIgniter\Database\Exceptions\DatabaseException: No such file or directory in /home/diariniaina/projects/codeigniter/firststep/system/Database/MySQLi/Connection.php:246
Stack trace:
#0 /home/diariniaina/projects/codeigniter/firststep/system/Database/BaseConnection.php(421): CodeIgniter\Database\MySQLi\Connection->connect()
#1 /home/diariniaina/projects/codeigniter/firststep/system/Database/BaseConnection.php(620): CodeIgniter\Database\BaseConnection->initialize()
#2 /home/diariniaina/projects/codeigniter/firststep/app/Controllers/ApiController.php(16): CodeIgniter\Database\BaseConnection->query()
#3 /home/diariniaina/projects/codeigniter/firststep/system/CodeIgniter.php(933): App\Controllers\ApiController->index()
#4 /home/diariniaina/projects/codeigniter/firststep/system/CodeIgniter.php(507): CodeIgniter\CodeIgniter->runController()
#5 /home/diariniaina/projects/codeigniter/firststep/system/CodeIgniter.php(354): CodeIgniter\CodeIgniter->handleRequest()
#6 /home/diariniaina/projects/codeigniter/firststep/system/Boot.php(334): CodeIgniter\CodeIgniter->run()
#7 /home/diariniaina/projects/codeigniter/firststep/system/Boot.php(67): CodeIgniter\Boot::runCodeIgniter()
#8 /home/diariniaina/projects/codeigniter/firststep/public/index.php(56): CodeIgniter\Boot::bootWeb()
#9 /home/diariniaina/projects/codeigniter/firststep/system/rewrite.php(44): require_once('...')
#10 {main}
CRITICAL - 2025-02-15 06:04:33 --> CodeIgniter\Database\Exceptions\DatabaseException: Unable to connect to the database.
Main connection [MySQLi]: No such file or directory
[Method: GET, Route: api]
in SYSTEMPATH/Database/BaseConnection.php on line 467.
 1 SYSTEMPATH/Database/BaseConnection.php(620): CodeIgniter\Database\BaseConnection->initialize()
 2 APPPATH/Controllers/ApiController.php(16): CodeIgniter\Database\BaseConnection->query()
 3 SYSTEMPATH/CodeIgniter.php(933): App\Controllers\ApiController->index()
 4 SYSTEMPATH/CodeIgniter.php(507): CodeIgniter\CodeIgniter->runController()
 5 SYSTEMPATH/CodeIgniter.php(354): CodeIgniter\CodeIgniter->handleRequest()
 6 SYSTEMPATH/Boot.php(334): CodeIgniter\CodeIgniter->run()
 7 SYSTEMPATH/Boot.php(67): CodeIgniter\Boot::runCodeIgniter()
 8 FCPATH/index.php(56): CodeIgniter\Boot::bootWeb()
 9 SYSTEMPATH/rewrite.php(44): require_once('/home/diariniaina/projects/codeigniter/firststep/public/index.php')
ERROR - 2025-02-15 06:05:06 --> Error connecting to the database: mysqli_sql_exception: No such file or directory in /home/diariniaina/projects/codeigniter/firststep/system/Database/MySQLi/Connection.php:201
Stack trace:
#0 /home/diariniaina/projects/codeigniter/firststep/system/Database/MySQLi/Connection.php(201): mysqli->real_connect()
#1 /home/diariniaina/projects/codeigniter/firststep/system/Database/BaseConnection.php(421): CodeIgniter\Database\MySQLi\Connection->connect()
#2 /home/diariniaina/projects/codeigniter/firststep/system/Database/BaseConnection.php(620): CodeIgniter\Database\BaseConnection->initialize()
#3 /home/diariniaina/projects/codeigniter/firststep/app/Controllers/ApiController.php(16): CodeIgniter\Database\BaseConnection->query()
#4 /home/diariniaina/projects/codeigniter/firststep/system/CodeIgniter.php(933): App\Controllers\ApiController->index()
#5 /home/diariniaina/projects/codeigniter/firststep/system/CodeIgniter.php(507): CodeIgniter\CodeIgniter->runController()
#6 /home/diariniaina/projects/codeigniter/firststep/system/CodeIgniter.php(354): CodeIgniter\CodeIgniter->handleRequest()
#7 /home/diariniaina/projects/codeigniter/firststep/system/Boot.php(334): CodeIgniter\CodeIgniter->run()
#8 /home/diariniaina/projects/codeigniter/firststep/system/Boot.php(67): CodeIgniter\Boot::runCodeIgniter()
#9 /home/diariniaina/projects/codeigniter/firststep/public/index.php(56): CodeIgniter\Boot::bootWeb()
#10 /home/diariniaina/projects/codeigniter/firststep/system/rewrite.php(44): require_once('...')
#11 {main}

Next CodeIgniter\Database\Exceptions\DatabaseException: No such file or directory in /home/diariniaina/projects/codeigniter/firststep/system/Database/MySQLi/Connection.php:246
Stack trace:
#0 /home/diariniaina/projects/codeigniter/firststep/system/Database/BaseConnection.php(421): CodeIgniter\Database\MySQLi\Connection->connect()
#1 /home/diariniaina/projects/codeigniter/firststep/system/Database/BaseConnection.php(620): CodeIgniter\Database\BaseConnection->initialize()
#2 /home/diariniaina/projects/codeigniter/firststep/app/Controllers/ApiController.php(16): CodeIgniter\Database\BaseConnection->query()
#3 /home/diariniaina/projects/codeigniter/firststep/system/CodeIgniter.php(933): App\Controllers\ApiController->index()
#4 /home/diariniaina/projects/codeigniter/firststep/system/CodeIgniter.php(507): CodeIgniter\CodeIgniter->runController()
#5 /home/diariniaina/projects/codeigniter/firststep/system/CodeIgniter.php(354): CodeIgniter\CodeIgniter->handleRequest()
#6 /home/diariniaina/projects/codeigniter/firststep/system/Boot.php(334): CodeIgniter\CodeIgniter->run()
#7 /home/diariniaina/projects/codeigniter/firststep/system/Boot.php(67): CodeIgniter\Boot::runCodeIgniter()
#8 /home/diariniaina/projects/codeigniter/firststep/public/index.php(56): CodeIgniter\Boot::bootWeb()
#9 /home/diariniaina/projects/codeigniter/firststep/system/rewrite.php(44): require_once('...')
#10 {main}
CRITICAL - 2025-02-15 06:05:06 --> CodeIgniter\Database\Exceptions\DatabaseException: Unable to connect to the database.
Main connection [MySQLi]: No such file or directory
[Method: GET, Route: api]
in SYSTEMPATH/Database/BaseConnection.php on line 467.
 1 SYSTEMPATH/Database/BaseConnection.php(620): CodeIgniter\Database\BaseConnection->initialize()
 2 APPPATH/Controllers/ApiController.php(16): CodeIgniter\Database\BaseConnection->query()
 3 SYSTEMPATH/CodeIgniter.php(933): App\Controllers\ApiController->index()
 4 SYSTEMPATH/CodeIgniter.php(507): CodeIgniter\CodeIgniter->runController()
 5 SYSTEMPATH/CodeIgniter.php(354): CodeIgniter\CodeIgniter->handleRequest()
 6 SYSTEMPATH/Boot.php(334): CodeIgniter\CodeIgniter->run()
 7 SYSTEMPATH/Boot.php(67): CodeIgniter\Boot::runCodeIgniter()
 8 FCPATH/index.php(56): CodeIgniter\Boot::bootWeb()
 9 SYSTEMPATH/rewrite.php(44): require_once('/home/diariniaina/projects/codeigniter/firststep/public/index.php')
ERROR - 2025-02-15 06:07:08 --> Error connecting to the database: ErrorException: pg_connect(): Unable to connect to PostgreSQL server: connection to server at &quot;localhost&quot; (127.0.0.1), port 3306 failed: received invalid response to SSL negotiation: Y in /home/diariniaina/projects/codeigniter/firststep/system/Database/Postgre/Connection.php:78
Stack trace:
#0 [internal function]: CodeIgniter\Debug\Exceptions->errorHandler()
#1 /home/diariniaina/projects/codeigniter/firststep/system/Database/Postgre/Connection.php(78): pg_connect()
#2 /home/diariniaina/projects/codeigniter/firststep/system/Database/BaseConnection.php(421): CodeIgniter\Database\Postgre\Connection->connect()
#3 /home/diariniaina/projects/codeigniter/firststep/system/Database/BaseConnection.php(620): CodeIgniter\Database\BaseConnection->initialize()
#4 /home/diariniaina/projects/codeigniter/firststep/app/Controllers/ApiController.php(16): CodeIgniter\Database\BaseConnection->query()
#5 /home/diariniaina/projects/codeigniter/firststep/system/CodeIgniter.php(933): App\Controllers\ApiController->index()
#6 /home/diariniaina/projects/codeigniter/firststep/system/CodeIgniter.php(507): CodeIgniter\CodeIgniter->runController()
#7 /home/diariniaina/projects/codeigniter/firststep/system/CodeIgniter.php(354): CodeIgniter\CodeIgniter->handleRequest()
#8 /home/diariniaina/projects/codeigniter/firststep/system/Boot.php(334): CodeIgniter\CodeIgniter->run()
#9 /home/diariniaina/projects/codeigniter/firststep/system/Boot.php(67): CodeIgniter\Boot::runCodeIgniter()
#10 /home/diariniaina/projects/codeigniter/firststep/public/index.php(56): CodeIgniter\Boot::bootWeb()
#11 /home/diariniaina/projects/codeigniter/firststep/system/rewrite.php(44): require_once('...')
#12 {main}
CRITICAL - 2025-02-15 06:07:08 --> CodeIgniter\Database\Exceptions\DatabaseException: Unable to connect to the database.
Main connection [Postgre]: pg_connect(): Unable to connect to PostgreSQL server: connection to server at &quot;localhost&quot; (127.0.0.1), port 3306 failed: received invalid response to SSL negotiation: Y
[Method: GET, Route: api]
in SYSTEMPATH/Database/BaseConnection.php on line 467.
 1 SYSTEMPATH/Database/BaseConnection.php(620): CodeIgniter\Database\BaseConnection->initialize()
 2 APPPATH/Controllers/ApiController.php(16): CodeIgniter\Database\BaseConnection->query()
 3 SYSTEMPATH/CodeIgniter.php(933): App\Controllers\ApiController->index()
 4 SYSTEMPATH/CodeIgniter.php(507): CodeIgniter\CodeIgniter->runController()
 5 SYSTEMPATH/CodeIgniter.php(354): CodeIgniter\CodeIgniter->handleRequest()
 6 SYSTEMPATH/Boot.php(334): CodeIgniter\CodeIgniter->run()
 7 SYSTEMPATH/Boot.php(67): CodeIgniter\Boot::runCodeIgniter()
 8 FCPATH/index.php(56): CodeIgniter\Boot::bootWeb()
 9 SYSTEMPATH/rewrite.php(44): require_once('/home/diariniaina/projects/codeigniter/firststep/public/index.php')
ERROR - 2025-02-15 06:07:47 --> Error connecting to the database: ErrorException: pg_connect(): Unable to connect to PostgreSQL server: connection to server at &quot;localhost&quot; (127.0.0.1), port 5432 failed: fe_sendauth: no password supplied in /home/diariniaina/projects/codeigniter/firststep/system/Database/Postgre/Connection.php:78
Stack trace:
#0 [internal function]: CodeIgniter\Debug\Exceptions->errorHandler()
#1 /home/diariniaina/projects/codeigniter/firststep/system/Database/Postgre/Connection.php(78): pg_connect()
#2 /home/diariniaina/projects/codeigniter/firststep/system/Database/BaseConnection.php(421): CodeIgniter\Database\Postgre\Connection->connect()
#3 /home/diariniaina/projects/codeigniter/firststep/system/Database/BaseConnection.php(620): CodeIgniter\Database\BaseConnection->initialize()
#4 /home/diariniaina/projects/codeigniter/firststep/app/Controllers/ApiController.php(16): CodeIgniter\Database\BaseConnection->query()
#5 /home/diariniaina/projects/codeigniter/firststep/system/CodeIgniter.php(933): App\Controllers\ApiController->index()
#6 /home/diariniaina/projects/codeigniter/firststep/system/CodeIgniter.php(507): CodeIgniter\CodeIgniter->runController()
#7 /home/diariniaina/projects/codeigniter/firststep/system/CodeIgniter.php(354): CodeIgniter\CodeIgniter->handleRequest()
#8 /home/diariniaina/projects/codeigniter/firststep/system/Boot.php(334): CodeIgniter\CodeIgniter->run()
#9 /home/diariniaina/projects/codeigniter/firststep/system/Boot.php(67): CodeIgniter\Boot::runCodeIgniter()
#10 /home/diariniaina/projects/codeigniter/firststep/public/index.php(56): CodeIgniter\Boot::bootWeb()
#11 /home/diariniaina/projects/codeigniter/firststep/system/rewrite.php(44): require_once('...')
#12 {main}
CRITICAL - 2025-02-15 06:07:47 --> CodeIgniter\Database\Exceptions\DatabaseException: Unable to connect to the database.
Main connection [Postgre]: pg_connect(): Unable to connect to PostgreSQL server: connection to server at &quot;localhost&quot; (127.0.0.1), port 5432 failed: fe_sendauth: no password supplied
[Method: GET, Route: api]
in SYSTEMPATH/Database/BaseConnection.php on line 467.
 1 SYSTEMPATH/Database/BaseConnection.php(620): CodeIgniter\Database\BaseConnection->initialize()
 2 APPPATH/Controllers/ApiController.php(16): CodeIgniter\Database\BaseConnection->query()
 3 SYSTEMPATH/CodeIgniter.php(933): App\Controllers\ApiController->index()
 4 SYSTEMPATH/CodeIgniter.php(507): CodeIgniter\CodeIgniter->runController()
 5 SYSTEMPATH/CodeIgniter.php(354): CodeIgniter\CodeIgniter->handleRequest()
 6 SYSTEMPATH/Boot.php(334): CodeIgniter\CodeIgniter->run()
 7 SYSTEMPATH/Boot.php(67): CodeIgniter\Boot::runCodeIgniter()
 8 FCPATH/index.php(56): CodeIgniter\Boot::bootWeb()
 9 SYSTEMPATH/rewrite.php(44): require_once('/home/diariniaina/projects/codeigniter/firststep/public/index.php')
ERROR - 2025-02-15 06:07:56 --> Error connecting to the database: ErrorException: pg_connect(): Unable to connect to PostgreSQL server: connection to server at &quot;localhost&quot; (127.0.0.1), port 5432 failed: fe_sendauth: no password supplied in /home/diariniaina/projects/codeigniter/firststep/system/Database/Postgre/Connection.php:78
Stack trace:
#0 [internal function]: CodeIgniter\Debug\Exceptions->errorHandler()
#1 /home/diariniaina/projects/codeigniter/firststep/system/Database/Postgre/Connection.php(78): pg_connect()
#2 /home/diariniaina/projects/codeigniter/firststep/system/Database/BaseConnection.php(421): CodeIgniter\Database\Postgre\Connection->connect()
#3 /home/diariniaina/projects/codeigniter/firststep/system/Database/BaseConnection.php(620): CodeIgniter\Database\BaseConnection->initialize()
#4 /home/diariniaina/projects/codeigniter/firststep/app/Controllers/ApiController.php(16): CodeIgniter\Database\BaseConnection->query()
#5 /home/diariniaina/projects/codeigniter/firststep/system/CodeIgniter.php(933): App\Controllers\ApiController->index()
#6 /home/diariniaina/projects/codeigniter/firststep/system/CodeIgniter.php(507): CodeIgniter\CodeIgniter->runController()
#7 /home/diariniaina/projects/codeigniter/firststep/system/CodeIgniter.php(354): CodeIgniter\CodeIgniter->handleRequest()
#8 /home/diariniaina/projects/codeigniter/firststep/system/Boot.php(334): CodeIgniter\CodeIgniter->run()
#9 /home/diariniaina/projects/codeigniter/firststep/system/Boot.php(67): CodeIgniter\Boot::runCodeIgniter()
#10 /home/diariniaina/projects/codeigniter/firststep/public/index.php(56): CodeIgniter\Boot::bootWeb()
#11 /home/diariniaina/projects/codeigniter/firststep/system/rewrite.php(44): require_once('...')
#12 {main}
CRITICAL - 2025-02-15 06:07:56 --> CodeIgniter\Database\Exceptions\DatabaseException: Unable to connect to the database.
Main connection [Postgre]: pg_connect(): Unable to connect to PostgreSQL server: connection to server at &quot;localhost&quot; (127.0.0.1), port 5432 failed: fe_sendauth: no password supplied
[Method: GET, Route: api]
in SYSTEMPATH/Database/BaseConnection.php on line 467.
 1 SYSTEMPATH/Database/BaseConnection.php(620): CodeIgniter\Database\BaseConnection->initialize()
 2 APPPATH/Controllers/ApiController.php(16): CodeIgniter\Database\BaseConnection->query()
 3 SYSTEMPATH/CodeIgniter.php(933): App\Controllers\ApiController->index()
 4 SYSTEMPATH/CodeIgniter.php(507): CodeIgniter\CodeIgniter->runController()
 5 SYSTEMPATH/CodeIgniter.php(354): CodeIgniter\CodeIgniter->handleRequest()
 6 SYSTEMPATH/Boot.php(334): CodeIgniter\CodeIgniter->run()
 7 SYSTEMPATH/Boot.php(67): CodeIgniter\Boot::runCodeIgniter()
 8 FCPATH/index.php(56): CodeIgniter\Boot::bootWeb()
 9 SYSTEMPATH/rewrite.php(44): require_once('/home/diariniaina/projects/codeigniter/firststep/public/index.php')
ERROR - 2025-02-15 06:07:59 --> Error connecting to the database: ErrorException: pg_connect(): Unable to connect to PostgreSQL server: connection to server at &quot;localhost&quot; (127.0.0.1), port 5432 failed: fe_sendauth: no password supplied in /home/diariniaina/projects/codeigniter/firststep/system/Database/Postgre/Connection.php:78
Stack trace:
#0 [internal function]: CodeIgniter\Debug\Exceptions->errorHandler()
#1 /home/diariniaina/projects/codeigniter/firststep/system/Database/Postgre/Connection.php(78): pg_connect()
#2 /home/diariniaina/projects/codeigniter/firststep/system/Database/BaseConnection.php(421): CodeIgniter\Database\Postgre\Connection->connect()
#3 /home/diariniaina/projects/codeigniter/firststep/system/Database/BaseConnection.php(620): CodeIgniter\Database\BaseConnection->initialize()
#4 /home/diariniaina/projects/codeigniter/firststep/app/Controllers/ApiController.php(16): CodeIgniter\Database\BaseConnection->query()
#5 /home/diariniaina/projects/codeigniter/firststep/system/CodeIgniter.php(933): App\Controllers\ApiController->index()
#6 /home/diariniaina/projects/codeigniter/firststep/system/CodeIgniter.php(507): CodeIgniter\CodeIgniter->runController()
#7 /home/diariniaina/projects/codeigniter/firststep/system/CodeIgniter.php(354): CodeIgniter\CodeIgniter->handleRequest()
#8 /home/diariniaina/projects/codeigniter/firststep/system/Boot.php(334): CodeIgniter\CodeIgniter->run()
#9 /home/diariniaina/projects/codeigniter/firststep/system/Boot.php(67): CodeIgniter\Boot::runCodeIgniter()
#10 /home/diariniaina/projects/codeigniter/firststep/public/index.php(56): CodeIgniter\Boot::bootWeb()
#11 /home/diariniaina/projects/codeigniter/firststep/system/rewrite.php(44): require_once('...')
#12 {main}
CRITICAL - 2025-02-15 06:07:59 --> CodeIgniter\Database\Exceptions\DatabaseException: Unable to connect to the database.
Main connection [Postgre]: pg_connect(): Unable to connect to PostgreSQL server: connection to server at &quot;localhost&quot; (127.0.0.1), port 5432 failed: fe_sendauth: no password supplied
[Method: GET, Route: api]
in SYSTEMPATH/Database/BaseConnection.php on line 467.
 1 SYSTEMPATH/Database/BaseConnection.php(620): CodeIgniter\Database\BaseConnection->initialize()
 2 APPPATH/Controllers/ApiController.php(16): CodeIgniter\Database\BaseConnection->query()
 3 SYSTEMPATH/CodeIgniter.php(933): App\Controllers\ApiController->index()
 4 SYSTEMPATH/CodeIgniter.php(507): CodeIgniter\CodeIgniter->runController()
 5 SYSTEMPATH/CodeIgniter.php(354): CodeIgniter\CodeIgniter->handleRequest()
 6 SYSTEMPATH/Boot.php(334): CodeIgniter\CodeIgniter->run()
 7 SYSTEMPATH/Boot.php(67): CodeIgniter\Boot::runCodeIgniter()
 8 FCPATH/index.php(56): CodeIgniter\Boot::bootWeb()
 9 SYSTEMPATH/rewrite.php(44): require_once('/home/diariniaina/projects/codeigniter/firststep/public/index.php')
ERROR - 2025-02-15 06:08:00 --> Error connecting to the database: ErrorException: pg_connect(): Unable to connect to PostgreSQL server: connection to server at &quot;localhost&quot; (127.0.0.1), port 5432 failed: fe_sendauth: no password supplied in /home/diariniaina/projects/codeigniter/firststep/system/Database/Postgre/Connection.php:78
Stack trace:
#0 [internal function]: CodeIgniter\Debug\Exceptions->errorHandler()
#1 /home/diariniaina/projects/codeigniter/firststep/system/Database/Postgre/Connection.php(78): pg_connect()
#2 /home/diariniaina/projects/codeigniter/firststep/system/Database/BaseConnection.php(421): CodeIgniter\Database\Postgre\Connection->connect()
#3 /home/diariniaina/projects/codeigniter/firststep/system/Database/BaseConnection.php(620): CodeIgniter\Database\BaseConnection->initialize()
#4 /home/diariniaina/projects/codeigniter/firststep/app/Controllers/ApiController.php(16): CodeIgniter\Database\BaseConnection->query()
#5 /home/diariniaina/projects/codeigniter/firststep/system/CodeIgniter.php(933): App\Controllers\ApiController->index()
#6 /home/diariniaina/projects/codeigniter/firststep/system/CodeIgniter.php(507): CodeIgniter\CodeIgniter->runController()
#7 /home/diariniaina/projects/codeigniter/firststep/system/CodeIgniter.php(354): CodeIgniter\CodeIgniter->handleRequest()
#8 /home/diariniaina/projects/codeigniter/firststep/system/Boot.php(334): CodeIgniter\CodeIgniter->run()
#9 /home/diariniaina/projects/codeigniter/firststep/system/Boot.php(67): CodeIgniter\Boot::runCodeIgniter()
#10 /home/diariniaina/projects/codeigniter/firststep/public/index.php(56): CodeIgniter\Boot::bootWeb()
#11 /home/diariniaina/projects/codeigniter/firststep/system/rewrite.php(44): require_once('...')
#12 {main}
CRITICAL - 2025-02-15 06:08:00 --> CodeIgniter\Database\Exceptions\DatabaseException: Unable to connect to the database.
Main connection [Postgre]: pg_connect(): Unable to connect to PostgreSQL server: connection to server at &quot;localhost&quot; (127.0.0.1), port 5432 failed: fe_sendauth: no password supplied
[Method: GET, Route: api]
in SYSTEMPATH/Database/BaseConnection.php on line 467.
 1 SYSTEMPATH/Database/BaseConnection.php(620): CodeIgniter\Database\BaseConnection->initialize()
 2 APPPATH/Controllers/ApiController.php(16): CodeIgniter\Database\BaseConnection->query()
 3 SYSTEMPATH/CodeIgniter.php(933): App\Controllers\ApiController->index()
 4 SYSTEMPATH/CodeIgniter.php(507): CodeIgniter\CodeIgniter->runController()
 5 SYSTEMPATH/CodeIgniter.php(354): CodeIgniter\CodeIgniter->handleRequest()
 6 SYSTEMPATH/Boot.php(334): CodeIgniter\CodeIgniter->run()
 7 SYSTEMPATH/Boot.php(67): CodeIgniter\Boot::runCodeIgniter()
 8 FCPATH/index.php(56): CodeIgniter\Boot::bootWeb()
 9 SYSTEMPATH/rewrite.php(44): require_once('/home/diariniaina/projects/codeigniter/firststep/public/index.php')
ERROR - 2025-02-15 06:08:06 --> Error connecting to the database: ErrorException: pg_connect(): Unable to connect to PostgreSQL server: connection to server at &quot;localhost&quot; (127.0.0.1), port 5432 failed: FATAL:  authentification par mot de passe échouée pour l'utilisateur  « diariniaina11 »
connection to server at &quot;localhost&quot; (127.0.0.1), port 5432 failed: FATAL:  authentification par mot de passe échouée pour l'utilisateur  « diariniaina11 » in /home/diariniaina/projects/codeigniter/firststep/system/Database/Postgre/Connection.php:78
Stack trace:
#0 [internal function]: CodeIgniter\Debug\Exceptions->errorHandler()
#1 /home/diariniaina/projects/codeigniter/firststep/system/Database/Postgre/Connection.php(78): pg_connect()
#2 /home/diariniaina/projects/codeigniter/firststep/system/Database/BaseConnection.php(421): CodeIgniter\Database\Postgre\Connection->connect()
#3 /home/diariniaina/projects/codeigniter/firststep/system/Database/BaseConnection.php(620): CodeIgniter\Database\BaseConnection->initialize()
#4 /home/diariniaina/projects/codeigniter/firststep/app/Controllers/ApiController.php(16): CodeIgniter\Database\BaseConnection->query()
#5 /home/diariniaina/projects/codeigniter/firststep/system/CodeIgniter.php(933): App\Controllers\ApiController->index()
#6 /home/diariniaina/projects/codeigniter/firststep/system/CodeIgniter.php(507): CodeIgniter\CodeIgniter->runController()
#7 /home/diariniaina/projects/codeigniter/firststep/system/CodeIgniter.php(354): CodeIgniter\CodeIgniter->handleRequest()
#8 /home/diariniaina/projects/codeigniter/firststep/system/Boot.php(334): CodeIgniter\CodeIgniter->run()
#9 /home/diariniaina/projects/codeigniter/firststep/system/Boot.php(67): CodeIgniter\Boot::runCodeIgniter()
#10 /home/diariniaina/projects/codeigniter/firststep/public/index.php(56): CodeIgniter\Boot::bootWeb()
#11 /home/diariniaina/projects/codeigniter/firststep/system/rewrite.php(44): require_once('...')
#12 {main}
CRITICAL - 2025-02-15 06:08:06 --> CodeIgniter\Database\Exceptions\DatabaseException: Unable to connect to the database.
Main connection [Postgre]: pg_connect(): Unable to connect to PostgreSQL server: connection to server at &quot;localhost&quot; (127.0.0.1), port 5432 failed: FATAL:  authentification par mot de passe échouée pour l'utilisateur  « diariniaina11 »
connection to server at &quot;localhost&quot; (127.0.0.1), port 5432 failed: FATAL:  authentification par mot de passe échouée pour l'utilisateur  « diariniaina11 »
[Method: GET, Route: api]
in SYSTEMPATH/Database/BaseConnection.php on line 467.
 1 SYSTEMPATH/Database/BaseConnection.php(620): CodeIgniter\Database\BaseConnection->initialize()
 2 APPPATH/Controllers/ApiController.php(16): CodeIgniter\Database\BaseConnection->query()
 3 SYSTEMPATH/CodeIgniter.php(933): App\Controllers\ApiController->index()
 4 SYSTEMPATH/CodeIgniter.php(507): CodeIgniter\CodeIgniter->runController()
 5 SYSTEMPATH/CodeIgniter.php(354): CodeIgniter\CodeIgniter->handleRequest()
 6 SYSTEMPATH/Boot.php(334): CodeIgniter\CodeIgniter->run()
 7 SYSTEMPATH/Boot.php(67): CodeIgniter\Boot::runCodeIgniter()
 8 FCPATH/index.php(56): CodeIgniter\Boot::bootWeb()
 9 SYSTEMPATH/rewrite.php(44): require_once('/home/diariniaina/projects/codeigniter/firststep/public/index.php')
ERROR - 2025-02-15 06:08:29 --> Error connecting to the database: ErrorException: pg_connect(): Unable to connect to PostgreSQL server: connection to server at &quot;localhost&quot; (127.0.0.1), port 5432 failed: FATAL:  authentification par mot de passe échouée pour l'utilisateur  « diariniaina11 »
connection to server at &quot;localhost&quot; (127.0.0.1), port 5432 failed: FATAL:  authentification par mot de passe échouée pour l'utilisateur  « diariniaina11 » in /home/diariniaina/projects/codeigniter/firststep/system/Database/Postgre/Connection.php:78
Stack trace:
#0 [internal function]: CodeIgniter\Debug\Exceptions->errorHandler()
#1 /home/diariniaina/projects/codeigniter/firststep/system/Database/Postgre/Connection.php(78): pg_connect()
#2 /home/diariniaina/projects/codeigniter/firststep/system/Database/BaseConnection.php(421): CodeIgniter\Database\Postgre\Connection->connect()
#3 /home/diariniaina/projects/codeigniter/firststep/system/Database/BaseConnection.php(620): CodeIgniter\Database\BaseConnection->initialize()
#4 /home/diariniaina/projects/codeigniter/firststep/app/Controllers/ApiController.php(16): CodeIgniter\Database\BaseConnection->query()
#5 /home/diariniaina/projects/codeigniter/firststep/system/CodeIgniter.php(933): App\Controllers\ApiController->index()
#6 /home/diariniaina/projects/codeigniter/firststep/system/CodeIgniter.php(507): CodeIgniter\CodeIgniter->runController()
#7 /home/diariniaina/projects/codeigniter/firststep/system/CodeIgniter.php(354): CodeIgniter\CodeIgniter->handleRequest()
#8 /home/diariniaina/projects/codeigniter/firststep/system/Boot.php(334): CodeIgniter\CodeIgniter->run()
#9 /home/diariniaina/projects/codeigniter/firststep/system/Boot.php(67): CodeIgniter\Boot::runCodeIgniter()
#10 /home/diariniaina/projects/codeigniter/firststep/public/index.php(56): CodeIgniter\Boot::bootWeb()
#11 /home/diariniaina/projects/codeigniter/firststep/system/rewrite.php(44): require_once('...')
#12 {main}
CRITICAL - 2025-02-15 06:08:29 --> CodeIgniter\Database\Exceptions\DatabaseException: Unable to connect to the database.
Main connection [Postgre]: pg_connect(): Unable to connect to PostgreSQL server: connection to server at &quot;localhost&quot; (127.0.0.1), port 5432 failed: FATAL:  authentification par mot de passe échouée pour l'utilisateur  « diariniaina11 »
connection to server at &quot;localhost&quot; (127.0.0.1), port 5432 failed: FATAL:  authentification par mot de passe échouée pour l'utilisateur  « diariniaina11 »
[Method: GET, Route: api]
in SYSTEMPATH/Database/BaseConnection.php on line 467.
 1 SYSTEMPATH/Database/BaseConnection.php(620): CodeIgniter\Database\BaseConnection->initialize()
 2 APPPATH/Controllers/ApiController.php(16): CodeIgniter\Database\BaseConnection->query()
 3 SYSTEMPATH/CodeIgniter.php(933): App\Controllers\ApiController->index()
 4 SYSTEMPATH/CodeIgniter.php(507): CodeIgniter\CodeIgniter->runController()
 5 SYSTEMPATH/CodeIgniter.php(354): CodeIgniter\CodeIgniter->handleRequest()
 6 SYSTEMPATH/Boot.php(334): CodeIgniter\CodeIgniter->run()
 7 SYSTEMPATH/Boot.php(67): CodeIgniter\Boot::runCodeIgniter()
 8 FCPATH/index.php(56): CodeIgniter\Boot::bootWeb()
 9 SYSTEMPATH/rewrite.php(44): require_once('/home/diariniaina/projects/codeigniter/firststep/public/index.php')
ERROR - 2025-02-15 06:08:35 --> Error connecting to the database: ErrorException: pg_connect(): Unable to connect to PostgreSQL server: connection to server at &quot;localhost&quot; (127.0.0.1), port 5432 failed: FATAL:  authentification par mot de passe échouée pour l'utilisateur  « diariniaina11 »
connection to server at &quot;localhost&quot; (127.0.0.1), port 5432 failed: FATAL:  authentification par mot de passe échouée pour l'utilisateur  « diariniaina11 » in /home/diariniaina/projects/codeigniter/firststep/system/Database/Postgre/Connection.php:78
Stack trace:
#0 [internal function]: CodeIgniter\Debug\Exceptions->errorHandler()
#1 /home/diariniaina/projects/codeigniter/firststep/system/Database/Postgre/Connection.php(78): pg_connect()
#2 /home/diariniaina/projects/codeigniter/firststep/system/Database/BaseConnection.php(421): CodeIgniter\Database\Postgre\Connection->connect()
#3 /home/diariniaina/projects/codeigniter/firststep/system/Database/BaseConnection.php(620): CodeIgniter\Database\BaseConnection->initialize()
#4 /home/diariniaina/projects/codeigniter/firststep/app/Controllers/ApiController.php(16): CodeIgniter\Database\BaseConnection->query()
#5 /home/diariniaina/projects/codeigniter/firststep/system/CodeIgniter.php(933): App\Controllers\ApiController->index()
#6 /home/diariniaina/projects/codeigniter/firststep/system/CodeIgniter.php(507): CodeIgniter\CodeIgniter->runController()
#7 /home/diariniaina/projects/codeigniter/firststep/system/CodeIgniter.php(354): CodeIgniter\CodeIgniter->handleRequest()
#8 /home/diariniaina/projects/codeigniter/firststep/system/Boot.php(334): CodeIgniter\CodeIgniter->run()
#9 /home/diariniaina/projects/codeigniter/firststep/system/Boot.php(67): CodeIgniter\Boot::runCodeIgniter()
#10 /home/diariniaina/projects/codeigniter/firststep/public/index.php(56): CodeIgniter\Boot::bootWeb()
#11 /home/diariniaina/projects/codeigniter/firststep/system/rewrite.php(44): require_once('...')
#12 {main}
CRITICAL - 2025-02-15 06:08:35 --> CodeIgniter\Database\Exceptions\DatabaseException: Unable to connect to the database.
Main connection [Postgre]: pg_connect(): Unable to connect to PostgreSQL server: connection to server at &quot;localhost&quot; (127.0.0.1), port 5432 failed: FATAL:  authentification par mot de passe échouée pour l'utilisateur  « diariniaina11 »
connection to server at &quot;localhost&quot; (127.0.0.1), port 5432 failed: FATAL:  authentification par mot de passe échouée pour l'utilisateur  « diariniaina11 »
[Method: GET, Route: api]
in SYSTEMPATH/Database/BaseConnection.php on line 467.
 1 SYSTEMPATH/Database/BaseConnection.php(620): CodeIgniter\Database\BaseConnection->initialize()
 2 APPPATH/Controllers/ApiController.php(16): CodeIgniter\Database\BaseConnection->query()
 3 SYSTEMPATH/CodeIgniter.php(933): App\Controllers\ApiController->index()
 4 SYSTEMPATH/CodeIgniter.php(507): CodeIgniter\CodeIgniter->runController()
 5 SYSTEMPATH/CodeIgniter.php(354): CodeIgniter\CodeIgniter->handleRequest()
 6 SYSTEMPATH/Boot.php(334): CodeIgniter\CodeIgniter->run()
 7 SYSTEMPATH/Boot.php(67): CodeIgniter\Boot::runCodeIgniter()
 8 FCPATH/index.php(56): CodeIgniter\Boot::bootWeb()
 9 SYSTEMPATH/rewrite.php(44): require_once('/home/diariniaina/projects/codeigniter/firststep/public/index.php')
ERROR - 2025-02-15 06:08:35 --> Error connecting to the database: ErrorException: pg_connect(): Unable to connect to PostgreSQL server: connection to server at &quot;localhost&quot; (127.0.0.1), port 5432 failed: FATAL:  authentification par mot de passe échouée pour l'utilisateur  « diariniaina11 »
connection to server at &quot;localhost&quot; (127.0.0.1), port 5432 failed: FATAL:  authentification par mot de passe échouée pour l'utilisateur  « diariniaina11 » in /home/diariniaina/projects/codeigniter/firststep/system/Database/Postgre/Connection.php:78
Stack trace:
#0 [internal function]: CodeIgniter\Debug\Exceptions->errorHandler()
#1 /home/diariniaina/projects/codeigniter/firststep/system/Database/Postgre/Connection.php(78): pg_connect()
#2 /home/diariniaina/projects/codeigniter/firststep/system/Database/BaseConnection.php(421): CodeIgniter\Database\Postgre\Connection->connect()
#3 /home/diariniaina/projects/codeigniter/firststep/system/Database/BaseConnection.php(620): CodeIgniter\Database\BaseConnection->initialize()
#4 /home/diariniaina/projects/codeigniter/firststep/app/Controllers/ApiController.php(16): CodeIgniter\Database\BaseConnection->query()
#5 /home/diariniaina/projects/codeigniter/firststep/system/CodeIgniter.php(933): App\Controllers\ApiController->index()
#6 /home/diariniaina/projects/codeigniter/firststep/system/CodeIgniter.php(507): CodeIgniter\CodeIgniter->runController()
#7 /home/diariniaina/projects/codeigniter/firststep/system/CodeIgniter.php(354): CodeIgniter\CodeIgniter->handleRequest()
#8 /home/diariniaina/projects/codeigniter/firststep/system/Boot.php(334): CodeIgniter\CodeIgniter->run()
#9 /home/diariniaina/projects/codeigniter/firststep/system/Boot.php(67): CodeIgniter\Boot::runCodeIgniter()
#10 /home/diariniaina/projects/codeigniter/firststep/public/index.php(56): CodeIgniter\Boot::bootWeb()
#11 /home/diariniaina/projects/codeigniter/firststep/system/rewrite.php(44): require_once('...')
#12 {main}
CRITICAL - 2025-02-15 06:08:35 --> CodeIgniter\Database\Exceptions\DatabaseException: Unable to connect to the database.
Main connection [Postgre]: pg_connect(): Unable to connect to PostgreSQL server: connection to server at &quot;localhost&quot; (127.0.0.1), port 5432 failed: FATAL:  authentification par mot de passe échouée pour l'utilisateur  « diariniaina11 »
connection to server at &quot;localhost&quot; (127.0.0.1), port 5432 failed: FATAL:  authentification par mot de passe échouée pour l'utilisateur  « diariniaina11 »
[Method: GET, Route: api]
in SYSTEMPATH/Database/BaseConnection.php on line 467.
 1 SYSTEMPATH/Database/BaseConnection.php(620): CodeIgniter\Database\BaseConnection->initialize()
 2 APPPATH/Controllers/ApiController.php(16): CodeIgniter\Database\BaseConnection->query()
 3 SYSTEMPATH/CodeIgniter.php(933): App\Controllers\ApiController->index()
 4 SYSTEMPATH/CodeIgniter.php(507): CodeIgniter\CodeIgniter->runController()
 5 SYSTEMPATH/CodeIgniter.php(354): CodeIgniter\CodeIgniter->handleRequest()
 6 SYSTEMPATH/Boot.php(334): CodeIgniter\CodeIgniter->run()
 7 SYSTEMPATH/Boot.php(67): CodeIgniter\Boot::runCodeIgniter()
 8 FCPATH/index.php(56): CodeIgniter\Boot::bootWeb()
 9 SYSTEMPATH/rewrite.php(44): require_once('/home/diariniaina/projects/codeigniter/firststep/public/index.php')
ERROR - 2025-02-15 06:08:36 --> Error connecting to the database: ErrorException: pg_connect(): Unable to connect to PostgreSQL server: connection to server at &quot;localhost&quot; (127.0.0.1), port 5432 failed: FATAL:  authentification par mot de passe échouée pour l'utilisateur  « diariniaina11 »
connection to server at &quot;localhost&quot; (127.0.0.1), port 5432 failed: FATAL:  authentification par mot de passe échouée pour l'utilisateur  « diariniaina11 » in /home/diariniaina/projects/codeigniter/firststep/system/Database/Postgre/Connection.php:78
Stack trace:
#0 [internal function]: CodeIgniter\Debug\Exceptions->errorHandler()
#1 /home/diariniaina/projects/codeigniter/firststep/system/Database/Postgre/Connection.php(78): pg_connect()
#2 /home/diariniaina/projects/codeigniter/firststep/system/Database/BaseConnection.php(421): CodeIgniter\Database\Postgre\Connection->connect()
#3 /home/diariniaina/projects/codeigniter/firststep/system/Database/BaseConnection.php(620): CodeIgniter\Database\BaseConnection->initialize()
#4 /home/diariniaina/projects/codeigniter/firststep/app/Controllers/ApiController.php(16): CodeIgniter\Database\BaseConnection->query()
#5 /home/diariniaina/projects/codeigniter/firststep/system/CodeIgniter.php(933): App\Controllers\ApiController->index()
#6 /home/diariniaina/projects/codeigniter/firststep/system/CodeIgniter.php(507): CodeIgniter\CodeIgniter->runController()
#7 /home/diariniaina/projects/codeigniter/firststep/system/CodeIgniter.php(354): CodeIgniter\CodeIgniter->handleRequest()
#8 /home/diariniaina/projects/codeigniter/firststep/system/Boot.php(334): CodeIgniter\CodeIgniter->run()
#9 /home/diariniaina/projects/codeigniter/firststep/system/Boot.php(67): CodeIgniter\Boot::runCodeIgniter()
#10 /home/diariniaina/projects/codeigniter/firststep/public/index.php(56): CodeIgniter\Boot::bootWeb()
#11 /home/diariniaina/projects/codeigniter/firststep/system/rewrite.php(44): require_once('...')
#12 {main}
CRITICAL - 2025-02-15 06:08:36 --> CodeIgniter\Database\Exceptions\DatabaseException: Unable to connect to the database.
Main connection [Postgre]: pg_connect(): Unable to connect to PostgreSQL server: connection to server at &quot;localhost&quot; (127.0.0.1), port 5432 failed: FATAL:  authentification par mot de passe échouée pour l'utilisateur  « diariniaina11 »
connection to server at &quot;localhost&quot; (127.0.0.1), port 5432 failed: FATAL:  authentification par mot de passe échouée pour l'utilisateur  « diariniaina11 »
[Method: GET, Route: api]
in SYSTEMPATH/Database/BaseConnection.php on line 467.
 1 SYSTEMPATH/Database/BaseConnection.php(620): CodeIgniter\Database\BaseConnection->initialize()
 2 APPPATH/Controllers/ApiController.php(16): CodeIgniter\Database\BaseConnection->query()
 3 SYSTEMPATH/CodeIgniter.php(933): App\Controllers\ApiController->index()
 4 SYSTEMPATH/CodeIgniter.php(507): CodeIgniter\CodeIgniter->runController()
 5 SYSTEMPATH/CodeIgniter.php(354): CodeIgniter\CodeIgniter->handleRequest()
 6 SYSTEMPATH/Boot.php(334): CodeIgniter\CodeIgniter->run()
 7 SYSTEMPATH/Boot.php(67): CodeIgniter\Boot::runCodeIgniter()
 8 FCPATH/index.php(56): CodeIgniter\Boot::bootWeb()
 9 SYSTEMPATH/rewrite.php(44): require_once('/home/diariniaina/projects/codeigniter/firststep/public/index.php')
ERROR - 2025-02-15 06:08:50 --> Error connecting to the database: CodeIgniter\Database\Exceptions\DatabaseException: ERREUR:  valeur invalide pour le paramètre « client_encoding » : « utf8mb4 » in /home/diariniaina/projects/codeigniter/firststep/system/Database/Postgre/Connection.php:98
Stack trace:
#0 /home/diariniaina/projects/codeigniter/firststep/system/Database/BaseConnection.php(421): CodeIgniter\Database\Postgre\Connection->connect()
#1 /home/diariniaina/projects/codeigniter/firststep/system/Database/BaseConnection.php(620): CodeIgniter\Database\BaseConnection->initialize()
#2 /home/diariniaina/projects/codeigniter/firststep/app/Controllers/ApiController.php(16): CodeIgniter\Database\BaseConnection->query()
#3 /home/diariniaina/projects/codeigniter/firststep/system/CodeIgniter.php(933): App\Controllers\ApiController->index()
#4 /home/diariniaina/projects/codeigniter/firststep/system/CodeIgniter.php(507): CodeIgniter\CodeIgniter->runController()
#5 /home/diariniaina/projects/codeigniter/firststep/system/CodeIgniter.php(354): CodeIgniter\CodeIgniter->handleRequest()
#6 /home/diariniaina/projects/codeigniter/firststep/system/Boot.php(334): CodeIgniter\CodeIgniter->run()
#7 /home/diariniaina/projects/codeigniter/firststep/system/Boot.php(67): CodeIgniter\Boot::runCodeIgniter()
#8 /home/diariniaina/projects/codeigniter/firststep/public/index.php(56): CodeIgniter\Boot::bootWeb()
#9 /home/diariniaina/projects/codeigniter/firststep/system/rewrite.php(44): require_once('...')
#10 {main}
CRITICAL - 2025-02-15 06:08:50 --> CodeIgniter\Database\Exceptions\DatabaseException: Unable to connect to the database.
Main connection [Postgre]: ERREUR:  valeur invalide pour le paramètre « client_encoding » : « utf8mb4 »
[Method: GET, Route: api]
in SYSTEMPATH/Database/BaseConnection.php on line 467.
 1 SYSTEMPATH/Database/BaseConnection.php(620): CodeIgniter\Database\BaseConnection->initialize()
 2 APPPATH/Controllers/ApiController.php(16): CodeIgniter\Database\BaseConnection->query()
 3 SYSTEMPATH/CodeIgniter.php(933): App\Controllers\ApiController->index()
 4 SYSTEMPATH/CodeIgniter.php(507): CodeIgniter\CodeIgniter->runController()
 5 SYSTEMPATH/CodeIgniter.php(354): CodeIgniter\CodeIgniter->handleRequest()
 6 SYSTEMPATH/Boot.php(334): CodeIgniter\CodeIgniter->run()
 7 SYSTEMPATH/Boot.php(67): CodeIgniter\Boot::runCodeIgniter()
 8 FCPATH/index.php(56): CodeIgniter\Boot::bootWeb()
 9 SYSTEMPATH/rewrite.php(44): require_once('/home/diariniaina/projects/codeigniter/firststep/public/index.php')
