CRITICAL - 2025-06-12 09:40:45 --> mysqli_sql_exception: No such file or directory
[Method: GET, Route: /]
in APPPATH/Controllers/AppInit.php on line 18.
 1 APPPATH/Controllers/AppInit.php(18): mysqli->__construct()
 2 SYSTEMPATH/CodeIgniter.php(933): App\Controllers\AppInit->index()
 3 SYSTEMPATH/CodeIgniter.php(507): CodeIgniter\CodeIgniter->runController()
 4 SYSTEMPATH/CodeIgniter.php(354): CodeIgniter\CodeIgniter->handleRequest()
 5 SYSTEMPATH/Boot.php(334): CodeIgniter\CodeIgniter->run()
 6 SYSTEMPATH/Boot.php(67): CodeIgniter\Boot::runCodeIgniter()
 7 FCPATH/index.php(56): CodeIgniter\Boot::bootWeb()
 8 SYSTEMPATH/rewrite.php(44): require_once('/home/diariniaina/projects/taskManagment/public/index.php')
ERROR - 2025-06-12 09:42:01 --> Error connecting to the database: mysqli_sql_exception: No such file or directory in /home/diariniaina/projects/taskManagment/system/Database/MySQLi/Connection.php:201
Stack trace:
#0 /home/diariniaina/projects/taskManagment/system/Database/MySQLi/Connection.php(201): mysqli->real_connect()
#1 /home/diariniaina/projects/taskManagment/system/Database/BaseConnection.php(421): CodeIgniter\Database\MySQLi\Connection->connect()
#2 /home/diariniaina/projects/taskManagment/system/Database/BaseConnection.php(620): CodeIgniter\Database\BaseConnection->initialize()
#3 /home/diariniaina/projects/taskManagment/system/Database/BaseConnection.php(1525): CodeIgniter\Database\BaseConnection->query()
#4 /home/diariniaina/projects/taskManagment/system/Database/BaseConnection.php(1545): CodeIgniter\Database\BaseConnection->listTables()
#5 /home/diariniaina/projects/taskManagment/app/Controllers/AppInit.php(44): CodeIgniter\Database\BaseConnection->tableExists()
#6 /home/diariniaina/projects/taskManagment/system/CodeIgniter.php(933): App\Controllers\AppInit->index()
#7 /home/diariniaina/projects/taskManagment/system/CodeIgniter.php(507): CodeIgniter\CodeIgniter->runController()
#8 /home/diariniaina/projects/taskManagment/system/CodeIgniter.php(354): CodeIgniter\CodeIgniter->handleRequest()
#9 /home/diariniaina/projects/taskManagment/system/Boot.php(334): CodeIgniter\CodeIgniter->run()
#10 /home/diariniaina/projects/taskManagment/system/Boot.php(67): CodeIgniter\Boot::runCodeIgniter()
#11 /home/diariniaina/projects/taskManagment/public/index.php(56): CodeIgniter\Boot::bootWeb()
#12 /home/diariniaina/projects/taskManagment/system/rewrite.php(44): require_once('...')
#13 {main}

Next CodeIgniter\Database\Exceptions\DatabaseException: No such file or directory in /home/diariniaina/projects/taskManagment/system/Database/MySQLi/Connection.php:246
Stack trace:
#0 /home/diariniaina/projects/taskManagment/system/Database/BaseConnection.php(421): CodeIgniter\Database\MySQLi\Connection->connect()
#1 /home/diariniaina/projects/taskManagment/system/Database/BaseConnection.php(620): CodeIgniter\Database\BaseConnection->initialize()
#2 /home/diariniaina/projects/taskManagment/system/Database/BaseConnection.php(1525): CodeIgniter\Database\BaseConnection->query()
#3 /home/diariniaina/projects/taskManagment/system/Database/BaseConnection.php(1545): CodeIgniter\Database\BaseConnection->listTables()
#4 /home/diariniaina/projects/taskManagment/app/Controllers/AppInit.php(44): CodeIgniter\Database\BaseConnection->tableExists()
#5 /home/diariniaina/projects/taskManagment/system/CodeIgniter.php(933): App\Controllers\AppInit->index()
#6 /home/diariniaina/projects/taskManagment/system/CodeIgniter.php(507): CodeIgniter\CodeIgniter->runController()
#7 /home/diariniaina/projects/taskManagment/system/CodeIgniter.php(354): CodeIgniter\CodeIgniter->handleRequest()
#8 /home/diariniaina/projects/taskManagment/system/Boot.php(334): CodeIgniter\CodeIgniter->run()
#9 /home/diariniaina/projects/taskManagment/system/Boot.php(67): CodeIgniter\Boot::runCodeIgniter()
#10 /home/diariniaina/projects/taskManagment/public/index.php(56): CodeIgniter\Boot::bootWeb()
#11 /home/diariniaina/projects/taskManagment/system/rewrite.php(44): require_once('...')
#12 {main}
CRITICAL - 2025-06-12 09:42:01 --> CodeIgniter\Database\Exceptions\DatabaseException: Unable to connect to the database.
Main connection [MySQLi]: No such file or directory
[Method: GET, Route: /]
in SYSTEMPATH/Database/BaseConnection.php on line 467.
 1 SYSTEMPATH/Database/BaseConnection.php(620): CodeIgniter\Database\BaseConnection->initialize()
 2 SYSTEMPATH/Database/BaseConnection.php(1525): CodeIgniter\Database\BaseConnection->query()
 3 SYSTEMPATH/Database/BaseConnection.php(1545): CodeIgniter\Database\BaseConnection->listTables()
 4 APPPATH/Controllers/AppInit.php(44): CodeIgniter\Database\BaseConnection->tableExists()
 5 SYSTEMPATH/CodeIgniter.php(933): App\Controllers\AppInit->index()
 6 SYSTEMPATH/CodeIgniter.php(507): CodeIgniter\CodeIgniter->runController()
 7 SYSTEMPATH/CodeIgniter.php(354): CodeIgniter\CodeIgniter->handleRequest()
 8 SYSTEMPATH/Boot.php(334): CodeIgniter\CodeIgniter->run()
 9 SYSTEMPATH/Boot.php(67): CodeIgniter\Boot::runCodeIgniter()
10 FCPATH/index.php(56): CodeIgniter\Boot::bootWeb()
11 SYSTEMPATH/rewrite.php(44): require_once('/home/diariniaina/projects/taskManagment/public/index.php')
ERROR - 2025-06-12 11:56:02 --> Error connecting to the database: mysqli_sql_exception: No such file or directory in /home/diariniaina/projects/taskManagment/system/Database/MySQLi/Connection.php:201
Stack trace:
#0 /home/diariniaina/projects/taskManagment/system/Database/MySQLi/Connection.php(201): mysqli->real_connect()
#1 /home/diariniaina/projects/taskManagment/system/Database/BaseConnection.php(421): CodeIgniter\Database\MySQLi\Connection->connect()
#2 /home/diariniaina/projects/taskManagment/system/Database/BaseConnection.php(620): CodeIgniter\Database\BaseConnection->initialize()
#3 /home/diariniaina/projects/taskManagment/system/Database/BaseConnection.php(1525): CodeIgniter\Database\BaseConnection->query()
#4 /home/diariniaina/projects/taskManagment/system/Database/BaseConnection.php(1545): CodeIgniter\Database\BaseConnection->listTables()
#5 /home/diariniaina/projects/taskManagment/app/Controllers/AppInit.php(44): CodeIgniter\Database\BaseConnection->tableExists()
#6 /home/diariniaina/projects/taskManagment/system/CodeIgniter.php(933): App\Controllers\AppInit->index()
#7 /home/diariniaina/projects/taskManagment/system/CodeIgniter.php(507): CodeIgniter\CodeIgniter->runController()
#8 /home/diariniaina/projects/taskManagment/system/CodeIgniter.php(354): CodeIgniter\CodeIgniter->handleRequest()
#9 /home/diariniaina/projects/taskManagment/system/Boot.php(334): CodeIgniter\CodeIgniter->run()
#10 /home/diariniaina/projects/taskManagment/system/Boot.php(67): CodeIgniter\Boot::runCodeIgniter()
#11 /home/diariniaina/projects/taskManagment/public/index.php(56): CodeIgniter\Boot::bootWeb()
#12 /home/diariniaina/projects/taskManagment/system/rewrite.php(44): require_once('...')
#13 {main}

Next CodeIgniter\Database\Exceptions\DatabaseException: No such file or directory in /home/diariniaina/projects/taskManagment/system/Database/MySQLi/Connection.php:246
Stack trace:
#0 /home/diariniaina/projects/taskManagment/system/Database/BaseConnection.php(421): CodeIgniter\Database\MySQLi\Connection->connect()
#1 /home/diariniaina/projects/taskManagment/system/Database/BaseConnection.php(620): CodeIgniter\Database\BaseConnection->initialize()
#2 /home/diariniaina/projects/taskManagment/system/Database/BaseConnection.php(1525): CodeIgniter\Database\BaseConnection->query()
#3 /home/diariniaina/projects/taskManagment/system/Database/BaseConnection.php(1545): CodeIgniter\Database\BaseConnection->listTables()
#4 /home/diariniaina/projects/taskManagment/app/Controllers/AppInit.php(44): CodeIgniter\Database\BaseConnection->tableExists()
#5 /home/diariniaina/projects/taskManagment/system/CodeIgniter.php(933): App\Controllers\AppInit->index()
#6 /home/diariniaina/projects/taskManagment/system/CodeIgniter.php(507): CodeIgniter\CodeIgniter->runController()
#7 /home/diariniaina/projects/taskManagment/system/CodeIgniter.php(354): CodeIgniter\CodeIgniter->handleRequest()
#8 /home/diariniaina/projects/taskManagment/system/Boot.php(334): CodeIgniter\CodeIgniter->run()
#9 /home/diariniaina/projects/taskManagment/system/Boot.php(67): CodeIgniter\Boot::runCodeIgniter()
#10 /home/diariniaina/projects/taskManagment/public/index.php(56): CodeIgniter\Boot::bootWeb()
#11 /home/diariniaina/projects/taskManagment/system/rewrite.php(44): require_once('...')
#12 {main}
CRITICAL - 2025-06-12 11:56:02 --> CodeIgniter\Database\Exceptions\DatabaseException: Unable to connect to the database.
Main connection [MySQLi]: No such file or directory
[Method: GET, Route: /]
in SYSTEMPATH/Database/BaseConnection.php on line 467.
 1 SYSTEMPATH/Database/BaseConnection.php(620): CodeIgniter\Database\BaseConnection->initialize()
 2 SYSTEMPATH/Database/BaseConnection.php(1525): CodeIgniter\Database\BaseConnection->query()
 3 SYSTEMPATH/Database/BaseConnection.php(1545): CodeIgniter\Database\BaseConnection->listTables()
 4 APPPATH/Controllers/AppInit.php(44): CodeIgniter\Database\BaseConnection->tableExists()
 5 SYSTEMPATH/CodeIgniter.php(933): App\Controllers\AppInit->index()
 6 SYSTEMPATH/CodeIgniter.php(507): CodeIgniter\CodeIgniter->runController()
 7 SYSTEMPATH/CodeIgniter.php(354): CodeIgniter\CodeIgniter->handleRequest()
 8 SYSTEMPATH/Boot.php(334): CodeIgniter\CodeIgniter->run()
 9 SYSTEMPATH/Boot.php(67): CodeIgniter\Boot::runCodeIgniter()
10 FCPATH/index.php(56): CodeIgniter\Boot::bootWeb()
11 SYSTEMPATH/rewrite.php(44): require_once('/home/diariniaina/projects/taskManagment/public/index.php')
