ERROR - 2025-06-13 06:03:40 --> Error connecting to the database: mysqli_sql_exception: No such file or directory in /home/diariniaina/projects/taskManagment/system/Database/MySQLi/Connection.php:201
Stack trace:
#0 /home/diariniaina/projects/taskManagment/system/Database/MySQLi/Connection.php(201): mysqli->real_connect()
#1 /home/diariniaina/projects/taskManagment/system/Database/BaseConnection.php(421): CodeIgniter\Database\MySQLi\Connection->connect()
#2 /home/diariniaina/projects/taskManagment/system/Database/BaseConnection.php(620): CodeIgniter\Database\BaseConnection->initialize()
#3 /home/diariniaina/projects/taskManagment/system/Database/BaseConnection.php(1525): CodeIgniter\Database\BaseConnection->query()
#4 /home/diariniaina/projects/taskManagment/system/Database/BaseConnection.php(1545): CodeIgniter\Database\BaseConnection->listTables()
#5 /home/diariniaina/projects/taskManagment/app/Controllers/AppInit.php(44): CodeIgniter\Database\BaseConnection->tableExists()
#6 /home/diariniaina/projects/taskManagment/system/CodeIgniter.php(933): App\Controllers\AppInit->index()
#7 /home/diariniaina/projects/taskManagment/system/CodeIgniter.php(507): CodeIgniter\CodeIgniter->runController()
#8 /home/diariniaina/projects/taskManagment/system/CodeIgniter.php(354): CodeIgniter\CodeIgniter->handleRequest()
#9 /home/diariniaina/projects/taskManagment/system/Boot.php(334): CodeIgniter\CodeIgniter->run()
#10 /home/diariniaina/projects/taskManagment/system/Boot.php(67): CodeIgniter\Boot::runCodeIgniter()
#11 /home/diariniaina/projects/taskManagment/public/index.php(56): CodeIgniter\Boot::bootWeb()
#12 /home/diariniaina/projects/taskManagment/system/rewrite.php(44): require_once('...')
#13 {main}

Next CodeIgniter\Database\Exceptions\DatabaseException: No such file or directory in /home/diariniaina/projects/taskManagment/system/Database/MySQLi/Connection.php:246
Stack trace:
#0 /home/diariniaina/projects/taskManagment/system/Database/BaseConnection.php(421): CodeIgniter\Database\MySQLi\Connection->connect()
#1 /home/diariniaina/projects/taskManagment/system/Database/BaseConnection.php(620): CodeIgniter\Database\BaseConnection->initialize()
#2 /home/diariniaina/projects/taskManagment/system/Database/BaseConnection.php(1525): CodeIgniter\Database\BaseConnection->query()
#3 /home/diariniaina/projects/taskManagment/system/Database/BaseConnection.php(1545): CodeIgniter\Database\BaseConnection->listTables()
#4 /home/diariniaina/projects/taskManagment/app/Controllers/AppInit.php(44): CodeIgniter\Database\BaseConnection->tableExists()
#5 /home/diariniaina/projects/taskManagment/system/CodeIgniter.php(933): App\Controllers\AppInit->index()
#6 /home/diariniaina/projects/taskManagment/system/CodeIgniter.php(507): CodeIgniter\CodeIgniter->runController()
#7 /home/diariniaina/projects/taskManagment/system/CodeIgniter.php(354): CodeIgniter\CodeIgniter->handleRequest()
#8 /home/diariniaina/projects/taskManagment/system/Boot.php(334): CodeIgniter\CodeIgniter->run()
#9 /home/diariniaina/projects/taskManagment/system/Boot.php(67): CodeIgniter\Boot::runCodeIgniter()
#10 /home/diariniaina/projects/taskManagment/public/index.php(56): CodeIgniter\Boot::bootWeb()
#11 /home/diariniaina/projects/taskManagment/system/rewrite.php(44): require_once('...')
#12 {main}
CRITICAL - 2025-06-13 06:03:40 --> CodeIgniter\Database\Exceptions\DatabaseException: Unable to connect to the database.
Main connection [MySQLi]: No such file or directory
[Method: GET, Route: /]
in SYSTEMPATH/Database/BaseConnection.php on line 467.
 1 SYSTEMPATH/Database/BaseConnection.php(620): CodeIgniter\Database\BaseConnection->initialize()
 2 SYSTEMPATH/Database/BaseConnection.php(1525): CodeIgniter\Database\BaseConnection->query()
 3 SYSTEMPATH/Database/BaseConnection.php(1545): CodeIgniter\Database\BaseConnection->listTables()
 4 APPPATH/Controllers/AppInit.php(44): CodeIgniter\Database\BaseConnection->tableExists()
 5 SYSTEMPATH/CodeIgniter.php(933): App\Controllers\AppInit->index()
 6 SYSTEMPATH/CodeIgniter.php(507): CodeIgniter\CodeIgniter->runController()
 7 SYSTEMPATH/CodeIgniter.php(354): CodeIgniter\CodeIgniter->handleRequest()
 8 SYSTEMPATH/Boot.php(334): CodeIgniter\CodeIgniter->run()
 9 SYSTEMPATH/Boot.php(67): CodeIgniter\Boot::runCodeIgniter()
10 FCPATH/index.php(56): CodeIgniter\Boot::bootWeb()
11 SYSTEMPATH/rewrite.php(44): require_once('/home/diariniaina/projects/taskManagment/public/index.php')
ERROR - 2025-06-13 06:18:52 --> Error connecting to the database: mysqli_sql_exception: No such file or directory in /home/diariniaina/projects/taskManagment/system/Database/MySQLi/Connection.php:201
Stack trace:
#0 /home/diariniaina/projects/taskManagment/system/Database/MySQLi/Connection.php(201): mysqli->real_connect()
#1 /home/diariniaina/projects/taskManagment/system/Database/BaseConnection.php(421): CodeIgniter\Database\MySQLi\Connection->connect()
#2 /home/diariniaina/projects/taskManagment/system/Database/BaseConnection.php(620): CodeIgniter\Database\BaseConnection->initialize()
#3 /home/diariniaina/projects/taskManagment/system/Database/BaseConnection.php(1525): CodeIgniter\Database\BaseConnection->query()
#4 /home/diariniaina/projects/taskManagment/system/Database/BaseConnection.php(1545): CodeIgniter\Database\BaseConnection->listTables()
#5 /home/diariniaina/projects/taskManagment/app/Controllers/AppInit.php(42): CodeIgniter\Database\BaseConnection->tableExists()
#6 /home/diariniaina/projects/taskManagment/system/CodeIgniter.php(933): App\Controllers\AppInit->index()
#7 /home/diariniaina/projects/taskManagment/system/CodeIgniter.php(507): CodeIgniter\CodeIgniter->runController()
#8 /home/diariniaina/projects/taskManagment/system/CodeIgniter.php(354): CodeIgniter\CodeIgniter->handleRequest()
#9 /home/diariniaina/projects/taskManagment/system/Boot.php(334): CodeIgniter\CodeIgniter->run()
#10 /home/diariniaina/projects/taskManagment/system/Boot.php(67): CodeIgniter\Boot::runCodeIgniter()
#11 /home/diariniaina/projects/taskManagment/public/index.php(56): CodeIgniter\Boot::bootWeb()
#12 /home/diariniaina/projects/taskManagment/system/rewrite.php(44): require_once('...')
#13 {main}

Next CodeIgniter\Database\Exceptions\DatabaseException: No such file or directory in /home/diariniaina/projects/taskManagment/system/Database/MySQLi/Connection.php:246
Stack trace:
#0 /home/diariniaina/projects/taskManagment/system/Database/BaseConnection.php(421): CodeIgniter\Database\MySQLi\Connection->connect()
#1 /home/diariniaina/projects/taskManagment/system/Database/BaseConnection.php(620): CodeIgniter\Database\BaseConnection->initialize()
#2 /home/diariniaina/projects/taskManagment/system/Database/BaseConnection.php(1525): CodeIgniter\Database\BaseConnection->query()
#3 /home/diariniaina/projects/taskManagment/system/Database/BaseConnection.php(1545): CodeIgniter\Database\BaseConnection->listTables()
#4 /home/diariniaina/projects/taskManagment/app/Controllers/AppInit.php(42): CodeIgniter\Database\BaseConnection->tableExists()
#5 /home/diariniaina/projects/taskManagment/system/CodeIgniter.php(933): App\Controllers\AppInit->index()
#6 /home/diariniaina/projects/taskManagment/system/CodeIgniter.php(507): CodeIgniter\CodeIgniter->runController()
#7 /home/diariniaina/projects/taskManagment/system/CodeIgniter.php(354): CodeIgniter\CodeIgniter->handleRequest()
#8 /home/diariniaina/projects/taskManagment/system/Boot.php(334): CodeIgniter\CodeIgniter->run()
#9 /home/diariniaina/projects/taskManagment/system/Boot.php(67): CodeIgniter\Boot::runCodeIgniter()
#10 /home/diariniaina/projects/taskManagment/public/index.php(56): CodeIgniter\Boot::bootWeb()
#11 /home/diariniaina/projects/taskManagment/system/rewrite.php(44): require_once('...')
#12 {main}
CRITICAL - 2025-06-13 06:18:52 --> CodeIgniter\Database\Exceptions\DatabaseException: Unable to connect to the database.
Main connection [MySQLi]: No such file or directory
[Method: GET, Route: /]
in SYSTEMPATH/Database/BaseConnection.php on line 467.
 1 SYSTEMPATH/Database/BaseConnection.php(620): CodeIgniter\Database\BaseConnection->initialize()
 2 SYSTEMPATH/Database/BaseConnection.php(1525): CodeIgniter\Database\BaseConnection->query()
 3 SYSTEMPATH/Database/BaseConnection.php(1545): CodeIgniter\Database\BaseConnection->listTables()
 4 APPPATH/Controllers/AppInit.php(42): CodeIgniter\Database\BaseConnection->tableExists()
 5 SYSTEMPATH/CodeIgniter.php(933): App\Controllers\AppInit->index()
 6 SYSTEMPATH/CodeIgniter.php(507): CodeIgniter\CodeIgniter->runController()
 7 SYSTEMPATH/CodeIgniter.php(354): CodeIgniter\CodeIgniter->handleRequest()
 8 SYSTEMPATH/Boot.php(334): CodeIgniter\CodeIgniter->run()
 9 SYSTEMPATH/Boot.php(67): CodeIgniter\Boot::runCodeIgniter()
10 FCPATH/index.php(56): CodeIgniter\Boot::bootWeb()
11 SYSTEMPATH/rewrite.php(44): require_once('/home/diariniaina/projects/taskManagment/public/index.php')
ERROR - 2025-06-13 06:18:54 --> Error connecting to the database: mysqli_sql_exception: No such file or directory in /home/diariniaina/projects/taskManagment/system/Database/MySQLi/Connection.php:201
Stack trace:
#0 /home/diariniaina/projects/taskManagment/system/Database/MySQLi/Connection.php(201): mysqli->real_connect()
#1 /home/diariniaina/projects/taskManagment/system/Database/BaseConnection.php(421): CodeIgniter\Database\MySQLi\Connection->connect()
#2 /home/diariniaina/projects/taskManagment/system/Database/BaseConnection.php(620): CodeIgniter\Database\BaseConnection->initialize()
#3 /home/diariniaina/projects/taskManagment/system/Database/BaseConnection.php(1525): CodeIgniter\Database\BaseConnection->query()
#4 /home/diariniaina/projects/taskManagment/system/Database/BaseConnection.php(1545): CodeIgniter\Database\BaseConnection->listTables()
#5 /home/diariniaina/projects/taskManagment/app/Controllers/AppInit.php(42): CodeIgniter\Database\BaseConnection->tableExists()
#6 /home/diariniaina/projects/taskManagment/system/CodeIgniter.php(933): App\Controllers\AppInit->index()
#7 /home/diariniaina/projects/taskManagment/system/CodeIgniter.php(507): CodeIgniter\CodeIgniter->runController()
#8 /home/diariniaina/projects/taskManagment/system/CodeIgniter.php(354): CodeIgniter\CodeIgniter->handleRequest()
#9 /home/diariniaina/projects/taskManagment/system/Boot.php(334): CodeIgniter\CodeIgniter->run()
#10 /home/diariniaina/projects/taskManagment/system/Boot.php(67): CodeIgniter\Boot::runCodeIgniter()
#11 /home/diariniaina/projects/taskManagment/public/index.php(56): CodeIgniter\Boot::bootWeb()
#12 /home/diariniaina/projects/taskManagment/system/rewrite.php(44): require_once('...')
#13 {main}

Next CodeIgniter\Database\Exceptions\DatabaseException: No such file or directory in /home/diariniaina/projects/taskManagment/system/Database/MySQLi/Connection.php:246
Stack trace:
#0 /home/diariniaina/projects/taskManagment/system/Database/BaseConnection.php(421): CodeIgniter\Database\MySQLi\Connection->connect()
#1 /home/diariniaina/projects/taskManagment/system/Database/BaseConnection.php(620): CodeIgniter\Database\BaseConnection->initialize()
#2 /home/diariniaina/projects/taskManagment/system/Database/BaseConnection.php(1525): CodeIgniter\Database\BaseConnection->query()
#3 /home/diariniaina/projects/taskManagment/system/Database/BaseConnection.php(1545): CodeIgniter\Database\BaseConnection->listTables()
#4 /home/diariniaina/projects/taskManagment/app/Controllers/AppInit.php(42): CodeIgniter\Database\BaseConnection->tableExists()
#5 /home/diariniaina/projects/taskManagment/system/CodeIgniter.php(933): App\Controllers\AppInit->index()
#6 /home/diariniaina/projects/taskManagment/system/CodeIgniter.php(507): CodeIgniter\CodeIgniter->runController()
#7 /home/diariniaina/projects/taskManagment/system/CodeIgniter.php(354): CodeIgniter\CodeIgniter->handleRequest()
#8 /home/diariniaina/projects/taskManagment/system/Boot.php(334): CodeIgniter\CodeIgniter->run()
#9 /home/diariniaina/projects/taskManagment/system/Boot.php(67): CodeIgniter\Boot::runCodeIgniter()
#10 /home/diariniaina/projects/taskManagment/public/index.php(56): CodeIgniter\Boot::bootWeb()
#11 /home/diariniaina/projects/taskManagment/system/rewrite.php(44): require_once('...')
#12 {main}
CRITICAL - 2025-06-13 06:18:54 --> CodeIgniter\Database\Exceptions\DatabaseException: Unable to connect to the database.
Main connection [MySQLi]: No such file or directory
[Method: GET, Route: /]
in SYSTEMPATH/Database/BaseConnection.php on line 467.
 1 SYSTEMPATH/Database/BaseConnection.php(620): CodeIgniter\Database\BaseConnection->initialize()
 2 SYSTEMPATH/Database/BaseConnection.php(1525): CodeIgniter\Database\BaseConnection->query()
 3 SYSTEMPATH/Database/BaseConnection.php(1545): CodeIgniter\Database\BaseConnection->listTables()
 4 APPPATH/Controllers/AppInit.php(42): CodeIgniter\Database\BaseConnection->tableExists()
 5 SYSTEMPATH/CodeIgniter.php(933): App\Controllers\AppInit->index()
 6 SYSTEMPATH/CodeIgniter.php(507): CodeIgniter\CodeIgniter->runController()
 7 SYSTEMPATH/CodeIgniter.php(354): CodeIgniter\CodeIgniter->handleRequest()
 8 SYSTEMPATH/Boot.php(334): CodeIgniter\CodeIgniter->run()
 9 SYSTEMPATH/Boot.php(67): CodeIgniter\Boot::runCodeIgniter()
10 FCPATH/index.php(56): CodeIgniter\Boot::bootWeb()
11 SYSTEMPATH/rewrite.php(44): require_once('/home/diariniaina/projects/taskManagment/public/index.php')
ERROR - 2025-06-13 06:18:55 --> Error connecting to the database: mysqli_sql_exception: No such file or directory in /home/diariniaina/projects/taskManagment/system/Database/MySQLi/Connection.php:201
Stack trace:
#0 /home/diariniaina/projects/taskManagment/system/Database/MySQLi/Connection.php(201): mysqli->real_connect()
#1 /home/diariniaina/projects/taskManagment/system/Database/BaseConnection.php(421): CodeIgniter\Database\MySQLi\Connection->connect()
#2 /home/diariniaina/projects/taskManagment/system/Database/BaseConnection.php(620): CodeIgniter\Database\BaseConnection->initialize()
#3 /home/diariniaina/projects/taskManagment/system/Database/BaseConnection.php(1525): CodeIgniter\Database\BaseConnection->query()
#4 /home/diariniaina/projects/taskManagment/system/Database/BaseConnection.php(1545): CodeIgniter\Database\BaseConnection->listTables()
#5 /home/diariniaina/projects/taskManagment/app/Controllers/AppInit.php(42): CodeIgniter\Database\BaseConnection->tableExists()
#6 /home/diariniaina/projects/taskManagment/system/CodeIgniter.php(933): App\Controllers\AppInit->index()
#7 /home/diariniaina/projects/taskManagment/system/CodeIgniter.php(507): CodeIgniter\CodeIgniter->runController()
#8 /home/diariniaina/projects/taskManagment/system/CodeIgniter.php(354): CodeIgniter\CodeIgniter->handleRequest()
#9 /home/diariniaina/projects/taskManagment/system/Boot.php(334): CodeIgniter\CodeIgniter->run()
#10 /home/diariniaina/projects/taskManagment/system/Boot.php(67): CodeIgniter\Boot::runCodeIgniter()
#11 /home/diariniaina/projects/taskManagment/public/index.php(56): CodeIgniter\Boot::bootWeb()
#12 /home/diariniaina/projects/taskManagment/system/rewrite.php(44): require_once('...')
#13 {main}

Next CodeIgniter\Database\Exceptions\DatabaseException: No such file or directory in /home/diariniaina/projects/taskManagment/system/Database/MySQLi/Connection.php:246
Stack trace:
#0 /home/diariniaina/projects/taskManagment/system/Database/BaseConnection.php(421): CodeIgniter\Database\MySQLi\Connection->connect()
#1 /home/diariniaina/projects/taskManagment/system/Database/BaseConnection.php(620): CodeIgniter\Database\BaseConnection->initialize()
#2 /home/diariniaina/projects/taskManagment/system/Database/BaseConnection.php(1525): CodeIgniter\Database\BaseConnection->query()
#3 /home/diariniaina/projects/taskManagment/system/Database/BaseConnection.php(1545): CodeIgniter\Database\BaseConnection->listTables()
#4 /home/diariniaina/projects/taskManagment/app/Controllers/AppInit.php(42): CodeIgniter\Database\BaseConnection->tableExists()
#5 /home/diariniaina/projects/taskManagment/system/CodeIgniter.php(933): App\Controllers\AppInit->index()
#6 /home/diariniaina/projects/taskManagment/system/CodeIgniter.php(507): CodeIgniter\CodeIgniter->runController()
#7 /home/diariniaina/projects/taskManagment/system/CodeIgniter.php(354): CodeIgniter\CodeIgniter->handleRequest()
#8 /home/diariniaina/projects/taskManagment/system/Boot.php(334): CodeIgniter\CodeIgniter->run()
#9 /home/diariniaina/projects/taskManagment/system/Boot.php(67): CodeIgniter\Boot::runCodeIgniter()
#10 /home/diariniaina/projects/taskManagment/public/index.php(56): CodeIgniter\Boot::bootWeb()
#11 /home/diariniaina/projects/taskManagment/system/rewrite.php(44): require_once('...')
#12 {main}
CRITICAL - 2025-06-13 06:18:55 --> CodeIgniter\Database\Exceptions\DatabaseException: Unable to connect to the database.
Main connection [MySQLi]: No such file or directory
[Method: GET, Route: /]
in SYSTEMPATH/Database/BaseConnection.php on line 467.
 1 SYSTEMPATH/Database/BaseConnection.php(620): CodeIgniter\Database\BaseConnection->initialize()
 2 SYSTEMPATH/Database/BaseConnection.php(1525): CodeIgniter\Database\BaseConnection->query()
 3 SYSTEMPATH/Database/BaseConnection.php(1545): CodeIgniter\Database\BaseConnection->listTables()
 4 APPPATH/Controllers/AppInit.php(42): CodeIgniter\Database\BaseConnection->tableExists()
 5 SYSTEMPATH/CodeIgniter.php(933): App\Controllers\AppInit->index()
 6 SYSTEMPATH/CodeIgniter.php(507): CodeIgniter\CodeIgniter->runController()
 7 SYSTEMPATH/CodeIgniter.php(354): CodeIgniter\CodeIgniter->handleRequest()
 8 SYSTEMPATH/Boot.php(334): CodeIgniter\CodeIgniter->run()
 9 SYSTEMPATH/Boot.php(67): CodeIgniter\Boot::runCodeIgniter()
10 FCPATH/index.php(56): CodeIgniter\Boot::bootWeb()
11 SYSTEMPATH/rewrite.php(44): require_once('/home/diariniaina/projects/taskManagment/public/index.php')
ERROR - 2025-06-13 06:18:56 --> Error connecting to the database: mysqli_sql_exception: No such file or directory in /home/diariniaina/projects/taskManagment/system/Database/MySQLi/Connection.php:201
Stack trace:
#0 /home/diariniaina/projects/taskManagment/system/Database/MySQLi/Connection.php(201): mysqli->real_connect()
#1 /home/diariniaina/projects/taskManagment/system/Database/BaseConnection.php(421): CodeIgniter\Database\MySQLi\Connection->connect()
#2 /home/diariniaina/projects/taskManagment/system/Database/BaseConnection.php(620): CodeIgniter\Database\BaseConnection->initialize()
#3 /home/diariniaina/projects/taskManagment/system/Database/BaseConnection.php(1525): CodeIgniter\Database\BaseConnection->query()
#4 /home/diariniaina/projects/taskManagment/system/Database/BaseConnection.php(1545): CodeIgniter\Database\BaseConnection->listTables()
#5 /home/diariniaina/projects/taskManagment/app/Controllers/AppInit.php(42): CodeIgniter\Database\BaseConnection->tableExists()
#6 /home/diariniaina/projects/taskManagment/system/CodeIgniter.php(933): App\Controllers\AppInit->index()
#7 /home/diariniaina/projects/taskManagment/system/CodeIgniter.php(507): CodeIgniter\CodeIgniter->runController()
#8 /home/diariniaina/projects/taskManagment/system/CodeIgniter.php(354): CodeIgniter\CodeIgniter->handleRequest()
#9 /home/diariniaina/projects/taskManagment/system/Boot.php(334): CodeIgniter\CodeIgniter->run()
#10 /home/diariniaina/projects/taskManagment/system/Boot.php(67): CodeIgniter\Boot::runCodeIgniter()
#11 /home/diariniaina/projects/taskManagment/public/index.php(56): CodeIgniter\Boot::bootWeb()
#12 /home/diariniaina/projects/taskManagment/system/rewrite.php(44): require_once('...')
#13 {main}

Next CodeIgniter\Database\Exceptions\DatabaseException: No such file or directory in /home/diariniaina/projects/taskManagment/system/Database/MySQLi/Connection.php:246
Stack trace:
#0 /home/diariniaina/projects/taskManagment/system/Database/BaseConnection.php(421): CodeIgniter\Database\MySQLi\Connection->connect()
#1 /home/diariniaina/projects/taskManagment/system/Database/BaseConnection.php(620): CodeIgniter\Database\BaseConnection->initialize()
#2 /home/diariniaina/projects/taskManagment/system/Database/BaseConnection.php(1525): CodeIgniter\Database\BaseConnection->query()
#3 /home/diariniaina/projects/taskManagment/system/Database/BaseConnection.php(1545): CodeIgniter\Database\BaseConnection->listTables()
#4 /home/diariniaina/projects/taskManagment/app/Controllers/AppInit.php(42): CodeIgniter\Database\BaseConnection->tableExists()
#5 /home/diariniaina/projects/taskManagment/system/CodeIgniter.php(933): App\Controllers\AppInit->index()
#6 /home/diariniaina/projects/taskManagment/system/CodeIgniter.php(507): CodeIgniter\CodeIgniter->runController()
#7 /home/diariniaina/projects/taskManagment/system/CodeIgniter.php(354): CodeIgniter\CodeIgniter->handleRequest()
#8 /home/diariniaina/projects/taskManagment/system/Boot.php(334): CodeIgniter\CodeIgniter->run()
#9 /home/diariniaina/projects/taskManagment/system/Boot.php(67): CodeIgniter\Boot::runCodeIgniter()
#10 /home/diariniaina/projects/taskManagment/public/index.php(56): CodeIgniter\Boot::bootWeb()
#11 /home/diariniaina/projects/taskManagment/system/rewrite.php(44): require_once('...')
#12 {main}
CRITICAL - 2025-06-13 06:18:56 --> CodeIgniter\Database\Exceptions\DatabaseException: Unable to connect to the database.
Main connection [MySQLi]: No such file or directory
[Method: GET, Route: /]
in SYSTEMPATH/Database/BaseConnection.php on line 467.
 1 SYSTEMPATH/Database/BaseConnection.php(620): CodeIgniter\Database\BaseConnection->initialize()
 2 SYSTEMPATH/Database/BaseConnection.php(1525): CodeIgniter\Database\BaseConnection->query()
 3 SYSTEMPATH/Database/BaseConnection.php(1545): CodeIgniter\Database\BaseConnection->listTables()
 4 APPPATH/Controllers/AppInit.php(42): CodeIgniter\Database\BaseConnection->tableExists()
 5 SYSTEMPATH/CodeIgniter.php(933): App\Controllers\AppInit->index()
 6 SYSTEMPATH/CodeIgniter.php(507): CodeIgniter\CodeIgniter->runController()
 7 SYSTEMPATH/CodeIgniter.php(354): CodeIgniter\CodeIgniter->handleRequest()
 8 SYSTEMPATH/Boot.php(334): CodeIgniter\CodeIgniter->run()
 9 SYSTEMPATH/Boot.php(67): CodeIgniter\Boot::runCodeIgniter()
10 FCPATH/index.php(56): CodeIgniter\Boot::bootWeb()
11 SYSTEMPATH/rewrite.php(44): require_once('/home/diariniaina/projects/taskManagment/public/index.php')
ERROR - 2025-06-13 06:18:56 --> Error connecting to the database: mysqli_sql_exception: No such file or directory in /home/diariniaina/projects/taskManagment/system/Database/MySQLi/Connection.php:201
Stack trace:
#0 /home/diariniaina/projects/taskManagment/system/Database/MySQLi/Connection.php(201): mysqli->real_connect()
#1 /home/diariniaina/projects/taskManagment/system/Database/BaseConnection.php(421): CodeIgniter\Database\MySQLi\Connection->connect()
#2 /home/diariniaina/projects/taskManagment/system/Database/BaseConnection.php(620): CodeIgniter\Database\BaseConnection->initialize()
#3 /home/diariniaina/projects/taskManagment/system/Database/BaseConnection.php(1525): CodeIgniter\Database\BaseConnection->query()
#4 /home/diariniaina/projects/taskManagment/system/Database/BaseConnection.php(1545): CodeIgniter\Database\BaseConnection->listTables()
#5 /home/diariniaina/projects/taskManagment/app/Controllers/AppInit.php(42): CodeIgniter\Database\BaseConnection->tableExists()
#6 /home/diariniaina/projects/taskManagment/system/CodeIgniter.php(933): App\Controllers\AppInit->index()
#7 /home/diariniaina/projects/taskManagment/system/CodeIgniter.php(507): CodeIgniter\CodeIgniter->runController()
#8 /home/diariniaina/projects/taskManagment/system/CodeIgniter.php(354): CodeIgniter\CodeIgniter->handleRequest()
#9 /home/diariniaina/projects/taskManagment/system/Boot.php(334): CodeIgniter\CodeIgniter->run()
#10 /home/diariniaina/projects/taskManagment/system/Boot.php(67): CodeIgniter\Boot::runCodeIgniter()
#11 /home/diariniaina/projects/taskManagment/public/index.php(56): CodeIgniter\Boot::bootWeb()
#12 /home/diariniaina/projects/taskManagment/system/rewrite.php(44): require_once('...')
#13 {main}

Next CodeIgniter\Database\Exceptions\DatabaseException: No such file or directory in /home/diariniaina/projects/taskManagment/system/Database/MySQLi/Connection.php:246
Stack trace:
#0 /home/diariniaina/projects/taskManagment/system/Database/BaseConnection.php(421): CodeIgniter\Database\MySQLi\Connection->connect()
#1 /home/diariniaina/projects/taskManagment/system/Database/BaseConnection.php(620): CodeIgniter\Database\BaseConnection->initialize()
#2 /home/diariniaina/projects/taskManagment/system/Database/BaseConnection.php(1525): CodeIgniter\Database\BaseConnection->query()
#3 /home/diariniaina/projects/taskManagment/system/Database/BaseConnection.php(1545): CodeIgniter\Database\BaseConnection->listTables()
#4 /home/diariniaina/projects/taskManagment/app/Controllers/AppInit.php(42): CodeIgniter\Database\BaseConnection->tableExists()
#5 /home/diariniaina/projects/taskManagment/system/CodeIgniter.php(933): App\Controllers\AppInit->index()
#6 /home/diariniaina/projects/taskManagment/system/CodeIgniter.php(507): CodeIgniter\CodeIgniter->runController()
#7 /home/diariniaina/projects/taskManagment/system/CodeIgniter.php(354): CodeIgniter\CodeIgniter->handleRequest()
#8 /home/diariniaina/projects/taskManagment/system/Boot.php(334): CodeIgniter\CodeIgniter->run()
#9 /home/diariniaina/projects/taskManagment/system/Boot.php(67): CodeIgniter\Boot::runCodeIgniter()
#10 /home/diariniaina/projects/taskManagment/public/index.php(56): CodeIgniter\Boot::bootWeb()
#11 /home/diariniaina/projects/taskManagment/system/rewrite.php(44): require_once('...')
#12 {main}
CRITICAL - 2025-06-13 06:18:56 --> CodeIgniter\Database\Exceptions\DatabaseException: Unable to connect to the database.
Main connection [MySQLi]: No such file or directory
[Method: GET, Route: /]
in SYSTEMPATH/Database/BaseConnection.php on line 467.
 1 SYSTEMPATH/Database/BaseConnection.php(620): CodeIgniter\Database\BaseConnection->initialize()
 2 SYSTEMPATH/Database/BaseConnection.php(1525): CodeIgniter\Database\BaseConnection->query()
 3 SYSTEMPATH/Database/BaseConnection.php(1545): CodeIgniter\Database\BaseConnection->listTables()
 4 APPPATH/Controllers/AppInit.php(42): CodeIgniter\Database\BaseConnection->tableExists()
 5 SYSTEMPATH/CodeIgniter.php(933): App\Controllers\AppInit->index()
 6 SYSTEMPATH/CodeIgniter.php(507): CodeIgniter\CodeIgniter->runController()
 7 SYSTEMPATH/CodeIgniter.php(354): CodeIgniter\CodeIgniter->handleRequest()
 8 SYSTEMPATH/Boot.php(334): CodeIgniter\CodeIgniter->run()
 9 SYSTEMPATH/Boot.php(67): CodeIgniter\Boot::runCodeIgniter()
10 FCPATH/index.php(56): CodeIgniter\Boot::bootWeb()
11 SYSTEMPATH/rewrite.php(44): require_once('/home/diariniaina/projects/taskManagment/public/index.php')
ERROR - 2025-06-13 06:18:57 --> Error connecting to the database: mysqli_sql_exception: No such file or directory in /home/diariniaina/projects/taskManagment/system/Database/MySQLi/Connection.php:201
Stack trace:
#0 /home/diariniaina/projects/taskManagment/system/Database/MySQLi/Connection.php(201): mysqli->real_connect()
#1 /home/diariniaina/projects/taskManagment/system/Database/BaseConnection.php(421): CodeIgniter\Database\MySQLi\Connection->connect()
#2 /home/diariniaina/projects/taskManagment/system/Database/BaseConnection.php(620): CodeIgniter\Database\BaseConnection->initialize()
#3 /home/diariniaina/projects/taskManagment/system/Database/BaseConnection.php(1525): CodeIgniter\Database\BaseConnection->query()
#4 /home/diariniaina/projects/taskManagment/system/Database/BaseConnection.php(1545): CodeIgniter\Database\BaseConnection->listTables()
#5 /home/diariniaina/projects/taskManagment/app/Controllers/AppInit.php(42): CodeIgniter\Database\BaseConnection->tableExists()
#6 /home/diariniaina/projects/taskManagment/system/CodeIgniter.php(933): App\Controllers\AppInit->index()
#7 /home/diariniaina/projects/taskManagment/system/CodeIgniter.php(507): CodeIgniter\CodeIgniter->runController()
#8 /home/diariniaina/projects/taskManagment/system/CodeIgniter.php(354): CodeIgniter\CodeIgniter->handleRequest()
#9 /home/diariniaina/projects/taskManagment/system/Boot.php(334): CodeIgniter\CodeIgniter->run()
#10 /home/diariniaina/projects/taskManagment/system/Boot.php(67): CodeIgniter\Boot::runCodeIgniter()
#11 /home/diariniaina/projects/taskManagment/public/index.php(56): CodeIgniter\Boot::bootWeb()
#12 /home/diariniaina/projects/taskManagment/system/rewrite.php(44): require_once('...')
#13 {main}

Next CodeIgniter\Database\Exceptions\DatabaseException: No such file or directory in /home/diariniaina/projects/taskManagment/system/Database/MySQLi/Connection.php:246
Stack trace:
#0 /home/diariniaina/projects/taskManagment/system/Database/BaseConnection.php(421): CodeIgniter\Database\MySQLi\Connection->connect()
#1 /home/diariniaina/projects/taskManagment/system/Database/BaseConnection.php(620): CodeIgniter\Database\BaseConnection->initialize()
#2 /home/diariniaina/projects/taskManagment/system/Database/BaseConnection.php(1525): CodeIgniter\Database\BaseConnection->query()
#3 /home/diariniaina/projects/taskManagment/system/Database/BaseConnection.php(1545): CodeIgniter\Database\BaseConnection->listTables()
#4 /home/diariniaina/projects/taskManagment/app/Controllers/AppInit.php(42): CodeIgniter\Database\BaseConnection->tableExists()
#5 /home/diariniaina/projects/taskManagment/system/CodeIgniter.php(933): App\Controllers\AppInit->index()
#6 /home/diariniaina/projects/taskManagment/system/CodeIgniter.php(507): CodeIgniter\CodeIgniter->runController()
#7 /home/diariniaina/projects/taskManagment/system/CodeIgniter.php(354): CodeIgniter\CodeIgniter->handleRequest()
#8 /home/diariniaina/projects/taskManagment/system/Boot.php(334): CodeIgniter\CodeIgniter->run()
#9 /home/diariniaina/projects/taskManagment/system/Boot.php(67): CodeIgniter\Boot::runCodeIgniter()
#10 /home/diariniaina/projects/taskManagment/public/index.php(56): CodeIgniter\Boot::bootWeb()
#11 /home/diariniaina/projects/taskManagment/system/rewrite.php(44): require_once('...')
#12 {main}
CRITICAL - 2025-06-13 06:18:57 --> CodeIgniter\Database\Exceptions\DatabaseException: Unable to connect to the database.
Main connection [MySQLi]: No such file or directory
[Method: GET, Route: /]
in SYSTEMPATH/Database/BaseConnection.php on line 467.
 1 SYSTEMPATH/Database/BaseConnection.php(620): CodeIgniter\Database\BaseConnection->initialize()
 2 SYSTEMPATH/Database/BaseConnection.php(1525): CodeIgniter\Database\BaseConnection->query()
 3 SYSTEMPATH/Database/BaseConnection.php(1545): CodeIgniter\Database\BaseConnection->listTables()
 4 APPPATH/Controllers/AppInit.php(42): CodeIgniter\Database\BaseConnection->tableExists()
 5 SYSTEMPATH/CodeIgniter.php(933): App\Controllers\AppInit->index()
 6 SYSTEMPATH/CodeIgniter.php(507): CodeIgniter\CodeIgniter->runController()
 7 SYSTEMPATH/CodeIgniter.php(354): CodeIgniter\CodeIgniter->handleRequest()
 8 SYSTEMPATH/Boot.php(334): CodeIgniter\CodeIgniter->run()
 9 SYSTEMPATH/Boot.php(67): CodeIgniter\Boot::runCodeIgniter()
10 FCPATH/index.php(56): CodeIgniter\Boot::bootWeb()
11 SYSTEMPATH/rewrite.php(44): require_once('/home/diariniaina/projects/taskManagment/public/index.php')
ERROR - 2025-06-13 06:18:58 --> Error connecting to the database: mysqli_sql_exception: No such file or directory in /home/diariniaina/projects/taskManagment/system/Database/MySQLi/Connection.php:201
Stack trace:
#0 /home/diariniaina/projects/taskManagment/system/Database/MySQLi/Connection.php(201): mysqli->real_connect()
#1 /home/diariniaina/projects/taskManagment/system/Database/BaseConnection.php(421): CodeIgniter\Database\MySQLi\Connection->connect()
#2 /home/diariniaina/projects/taskManagment/system/Database/BaseConnection.php(620): CodeIgniter\Database\BaseConnection->initialize()
#3 /home/diariniaina/projects/taskManagment/system/Database/BaseConnection.php(1525): CodeIgniter\Database\BaseConnection->query()
#4 /home/diariniaina/projects/taskManagment/system/Database/BaseConnection.php(1545): CodeIgniter\Database\BaseConnection->listTables()
#5 /home/diariniaina/projects/taskManagment/app/Controllers/AppInit.php(42): CodeIgniter\Database\BaseConnection->tableExists()
#6 /home/diariniaina/projects/taskManagment/system/CodeIgniter.php(933): App\Controllers\AppInit->index()
#7 /home/diariniaina/projects/taskManagment/system/CodeIgniter.php(507): CodeIgniter\CodeIgniter->runController()
#8 /home/diariniaina/projects/taskManagment/system/CodeIgniter.php(354): CodeIgniter\CodeIgniter->handleRequest()
#9 /home/diariniaina/projects/taskManagment/system/Boot.php(334): CodeIgniter\CodeIgniter->run()
#10 /home/diariniaina/projects/taskManagment/system/Boot.php(67): CodeIgniter\Boot::runCodeIgniter()
#11 /home/diariniaina/projects/taskManagment/public/index.php(56): CodeIgniter\Boot::bootWeb()
#12 /home/diariniaina/projects/taskManagment/system/rewrite.php(44): require_once('...')
#13 {main}

Next CodeIgniter\Database\Exceptions\DatabaseException: No such file or directory in /home/diariniaina/projects/taskManagment/system/Database/MySQLi/Connection.php:246
Stack trace:
#0 /home/diariniaina/projects/taskManagment/system/Database/BaseConnection.php(421): CodeIgniter\Database\MySQLi\Connection->connect()
#1 /home/diariniaina/projects/taskManagment/system/Database/BaseConnection.php(620): CodeIgniter\Database\BaseConnection->initialize()
#2 /home/diariniaina/projects/taskManagment/system/Database/BaseConnection.php(1525): CodeIgniter\Database\BaseConnection->query()
#3 /home/diariniaina/projects/taskManagment/system/Database/BaseConnection.php(1545): CodeIgniter\Database\BaseConnection->listTables()
#4 /home/diariniaina/projects/taskManagment/app/Controllers/AppInit.php(42): CodeIgniter\Database\BaseConnection->tableExists()
#5 /home/diariniaina/projects/taskManagment/system/CodeIgniter.php(933): App\Controllers\AppInit->index()
#6 /home/diariniaina/projects/taskManagment/system/CodeIgniter.php(507): CodeIgniter\CodeIgniter->runController()
#7 /home/diariniaina/projects/taskManagment/system/CodeIgniter.php(354): CodeIgniter\CodeIgniter->handleRequest()
#8 /home/diariniaina/projects/taskManagment/system/Boot.php(334): CodeIgniter\CodeIgniter->run()
#9 /home/diariniaina/projects/taskManagment/system/Boot.php(67): CodeIgniter\Boot::runCodeIgniter()
#10 /home/diariniaina/projects/taskManagment/public/index.php(56): CodeIgniter\Boot::bootWeb()
#11 /home/diariniaina/projects/taskManagment/system/rewrite.php(44): require_once('...')
#12 {main}
CRITICAL - 2025-06-13 06:18:58 --> CodeIgniter\Database\Exceptions\DatabaseException: Unable to connect to the database.
Main connection [MySQLi]: No such file or directory
[Method: GET, Route: /]
in SYSTEMPATH/Database/BaseConnection.php on line 467.
 1 SYSTEMPATH/Database/BaseConnection.php(620): CodeIgniter\Database\BaseConnection->initialize()
 2 SYSTEMPATH/Database/BaseConnection.php(1525): CodeIgniter\Database\BaseConnection->query()
 3 SYSTEMPATH/Database/BaseConnection.php(1545): CodeIgniter\Database\BaseConnection->listTables()
 4 APPPATH/Controllers/AppInit.php(42): CodeIgniter\Database\BaseConnection->tableExists()
 5 SYSTEMPATH/CodeIgniter.php(933): App\Controllers\AppInit->index()
 6 SYSTEMPATH/CodeIgniter.php(507): CodeIgniter\CodeIgniter->runController()
 7 SYSTEMPATH/CodeIgniter.php(354): CodeIgniter\CodeIgniter->handleRequest()
 8 SYSTEMPATH/Boot.php(334): CodeIgniter\CodeIgniter->run()
 9 SYSTEMPATH/Boot.php(67): CodeIgniter\Boot::runCodeIgniter()
10 FCPATH/index.php(56): CodeIgniter\Boot::bootWeb()
11 SYSTEMPATH/rewrite.php(44): require_once('/home/diariniaina/projects/taskManagment/public/index.php')
ERROR - 2025-06-13 06:21:39 --> Error connecting to the database: mysqli_sql_exception: No such file or directory in /home/diariniaina/projects/taskManagment/system/Database/MySQLi/Connection.php:201
Stack trace:
#0 /home/diariniaina/projects/taskManagment/system/Database/MySQLi/Connection.php(201): mysqli->real_connect()
#1 /home/diariniaina/projects/taskManagment/system/Database/BaseConnection.php(421): CodeIgniter\Database\MySQLi\Connection->connect()
#2 /home/diariniaina/projects/taskManagment/system/Database/BaseConnection.php(620): CodeIgniter\Database\BaseConnection->initialize()
#3 /home/diariniaina/projects/taskManagment/system/Database/BaseConnection.php(1525): CodeIgniter\Database\BaseConnection->query()
#4 /home/diariniaina/projects/taskManagment/system/Database/BaseConnection.php(1545): CodeIgniter\Database\BaseConnection->listTables()
#5 /home/diariniaina/projects/taskManagment/app/Controllers/AppInit.php(42): CodeIgniter\Database\BaseConnection->tableExists()
#6 /home/diariniaina/projects/taskManagment/system/CodeIgniter.php(933): App\Controllers\AppInit->index()
#7 /home/diariniaina/projects/taskManagment/system/CodeIgniter.php(507): CodeIgniter\CodeIgniter->runController()
#8 /home/diariniaina/projects/taskManagment/system/CodeIgniter.php(354): CodeIgniter\CodeIgniter->handleRequest()
#9 /home/diariniaina/projects/taskManagment/system/Boot.php(334): CodeIgniter\CodeIgniter->run()
#10 /home/diariniaina/projects/taskManagment/system/Boot.php(67): CodeIgniter\Boot::runCodeIgniter()
#11 /home/diariniaina/projects/taskManagment/public/index.php(56): CodeIgniter\Boot::bootWeb()
#12 /home/diariniaina/projects/taskManagment/system/rewrite.php(44): require_once('...')
#13 {main}

Next CodeIgniter\Database\Exceptions\DatabaseException: No such file or directory in /home/diariniaina/projects/taskManagment/system/Database/MySQLi/Connection.php:246
Stack trace:
#0 /home/diariniaina/projects/taskManagment/system/Database/BaseConnection.php(421): CodeIgniter\Database\MySQLi\Connection->connect()
#1 /home/diariniaina/projects/taskManagment/system/Database/BaseConnection.php(620): CodeIgniter\Database\BaseConnection->initialize()
#2 /home/diariniaina/projects/taskManagment/system/Database/BaseConnection.php(1525): CodeIgniter\Database\BaseConnection->query()
#3 /home/diariniaina/projects/taskManagment/system/Database/BaseConnection.php(1545): CodeIgniter\Database\BaseConnection->listTables()
#4 /home/diariniaina/projects/taskManagment/app/Controllers/AppInit.php(42): CodeIgniter\Database\BaseConnection->tableExists()
#5 /home/diariniaina/projects/taskManagment/system/CodeIgniter.php(933): App\Controllers\AppInit->index()
#6 /home/diariniaina/projects/taskManagment/system/CodeIgniter.php(507): CodeIgniter\CodeIgniter->runController()
#7 /home/diariniaina/projects/taskManagment/system/CodeIgniter.php(354): CodeIgniter\CodeIgniter->handleRequest()
#8 /home/diariniaina/projects/taskManagment/system/Boot.php(334): CodeIgniter\CodeIgniter->run()
#9 /home/diariniaina/projects/taskManagment/system/Boot.php(67): CodeIgniter\Boot::runCodeIgniter()
#10 /home/diariniaina/projects/taskManagment/public/index.php(56): CodeIgniter\Boot::bootWeb()
#11 /home/diariniaina/projects/taskManagment/system/rewrite.php(44): require_once('...')
#12 {main}
CRITICAL - 2025-06-13 06:21:39 --> CodeIgniter\Database\Exceptions\DatabaseException: Unable to connect to the database.
Main connection [MySQLi]: No such file or directory
[Method: GET, Route: /]
in SYSTEMPATH/Database/BaseConnection.php on line 467.
 1 SYSTEMPATH/Database/BaseConnection.php(620): CodeIgniter\Database\BaseConnection->initialize()
 2 SYSTEMPATH/Database/BaseConnection.php(1525): CodeIgniter\Database\BaseConnection->query()
 3 SYSTEMPATH/Database/BaseConnection.php(1545): CodeIgniter\Database\BaseConnection->listTables()
 4 APPPATH/Controllers/AppInit.php(42): CodeIgniter\Database\BaseConnection->tableExists()
 5 SYSTEMPATH/CodeIgniter.php(933): App\Controllers\AppInit->index()
 6 SYSTEMPATH/CodeIgniter.php(507): CodeIgniter\CodeIgniter->runController()
 7 SYSTEMPATH/CodeIgniter.php(354): CodeIgniter\CodeIgniter->handleRequest()
 8 SYSTEMPATH/Boot.php(334): CodeIgniter\CodeIgniter->run()
 9 SYSTEMPATH/Boot.php(67): CodeIgniter\Boot::runCodeIgniter()
10 FCPATH/index.php(56): CodeIgniter\Boot::bootWeb()
11 SYSTEMPATH/rewrite.php(44): require_once('/home/diariniaina/projects/taskManagment/public/index.php')
ERROR - 2025-06-13 06:21:41 --> Error connecting to the database: mysqli_sql_exception: No such file or directory in /home/diariniaina/projects/taskManagment/system/Database/MySQLi/Connection.php:201
Stack trace:
#0 /home/diariniaina/projects/taskManagment/system/Database/MySQLi/Connection.php(201): mysqli->real_connect()
#1 /home/diariniaina/projects/taskManagment/system/Database/BaseConnection.php(421): CodeIgniter\Database\MySQLi\Connection->connect()
#2 /home/diariniaina/projects/taskManagment/system/Database/BaseConnection.php(620): CodeIgniter\Database\BaseConnection->initialize()
#3 /home/diariniaina/projects/taskManagment/system/Database/BaseConnection.php(1525): CodeIgniter\Database\BaseConnection->query()
#4 /home/diariniaina/projects/taskManagment/system/Database/BaseConnection.php(1545): CodeIgniter\Database\BaseConnection->listTables()
#5 /home/diariniaina/projects/taskManagment/app/Controllers/AppInit.php(42): CodeIgniter\Database\BaseConnection->tableExists()
#6 /home/diariniaina/projects/taskManagment/system/CodeIgniter.php(933): App\Controllers\AppInit->index()
#7 /home/diariniaina/projects/taskManagment/system/CodeIgniter.php(507): CodeIgniter\CodeIgniter->runController()
#8 /home/diariniaina/projects/taskManagment/system/CodeIgniter.php(354): CodeIgniter\CodeIgniter->handleRequest()
#9 /home/diariniaina/projects/taskManagment/system/Boot.php(334): CodeIgniter\CodeIgniter->run()
#10 /home/diariniaina/projects/taskManagment/system/Boot.php(67): CodeIgniter\Boot::runCodeIgniter()
#11 /home/diariniaina/projects/taskManagment/public/index.php(56): CodeIgniter\Boot::bootWeb()
#12 /home/diariniaina/projects/taskManagment/system/rewrite.php(44): require_once('...')
#13 {main}

Next CodeIgniter\Database\Exceptions\DatabaseException: No such file or directory in /home/diariniaina/projects/taskManagment/system/Database/MySQLi/Connection.php:246
Stack trace:
#0 /home/diariniaina/projects/taskManagment/system/Database/BaseConnection.php(421): CodeIgniter\Database\MySQLi\Connection->connect()
#1 /home/diariniaina/projects/taskManagment/system/Database/BaseConnection.php(620): CodeIgniter\Database\BaseConnection->initialize()
#2 /home/diariniaina/projects/taskManagment/system/Database/BaseConnection.php(1525): CodeIgniter\Database\BaseConnection->query()
#3 /home/diariniaina/projects/taskManagment/system/Database/BaseConnection.php(1545): CodeIgniter\Database\BaseConnection->listTables()
#4 /home/diariniaina/projects/taskManagment/app/Controllers/AppInit.php(42): CodeIgniter\Database\BaseConnection->tableExists()
#5 /home/diariniaina/projects/taskManagment/system/CodeIgniter.php(933): App\Controllers\AppInit->index()
#6 /home/diariniaina/projects/taskManagment/system/CodeIgniter.php(507): CodeIgniter\CodeIgniter->runController()
#7 /home/diariniaina/projects/taskManagment/system/CodeIgniter.php(354): CodeIgniter\CodeIgniter->handleRequest()
#8 /home/diariniaina/projects/taskManagment/system/Boot.php(334): CodeIgniter\CodeIgniter->run()
#9 /home/diariniaina/projects/taskManagment/system/Boot.php(67): CodeIgniter\Boot::runCodeIgniter()
#10 /home/diariniaina/projects/taskManagment/public/index.php(56): CodeIgniter\Boot::bootWeb()
#11 /home/diariniaina/projects/taskManagment/system/rewrite.php(44): require_once('...')
#12 {main}
CRITICAL - 2025-06-13 06:21:41 --> CodeIgniter\Database\Exceptions\DatabaseException: Unable to connect to the database.
Main connection [MySQLi]: No such file or directory
[Method: GET, Route: /]
in SYSTEMPATH/Database/BaseConnection.php on line 467.
 1 SYSTEMPATH/Database/BaseConnection.php(620): CodeIgniter\Database\BaseConnection->initialize()
 2 SYSTEMPATH/Database/BaseConnection.php(1525): CodeIgniter\Database\BaseConnection->query()
 3 SYSTEMPATH/Database/BaseConnection.php(1545): CodeIgniter\Database\BaseConnection->listTables()
 4 APPPATH/Controllers/AppInit.php(42): CodeIgniter\Database\BaseConnection->tableExists()
 5 SYSTEMPATH/CodeIgniter.php(933): App\Controllers\AppInit->index()
 6 SYSTEMPATH/CodeIgniter.php(507): CodeIgniter\CodeIgniter->runController()
 7 SYSTEMPATH/CodeIgniter.php(354): CodeIgniter\CodeIgniter->handleRequest()
 8 SYSTEMPATH/Boot.php(334): CodeIgniter\CodeIgniter->run()
 9 SYSTEMPATH/Boot.php(67): CodeIgniter\Boot::runCodeIgniter()
10 FCPATH/index.php(56): CodeIgniter\Boot::bootWeb()
11 SYSTEMPATH/rewrite.php(44): require_once('/home/diariniaina/projects/taskManagment/public/index.php')
ERROR - 2025-06-13 06:21:42 --> Error connecting to the database: mysqli_sql_exception: No such file or directory in /home/diariniaina/projects/taskManagment/system/Database/MySQLi/Connection.php:201
Stack trace:
#0 /home/diariniaina/projects/taskManagment/system/Database/MySQLi/Connection.php(201): mysqli->real_connect()
#1 /home/diariniaina/projects/taskManagment/system/Database/BaseConnection.php(421): CodeIgniter\Database\MySQLi\Connection->connect()
#2 /home/diariniaina/projects/taskManagment/system/Database/BaseConnection.php(620): CodeIgniter\Database\BaseConnection->initialize()
#3 /home/diariniaina/projects/taskManagment/system/Database/BaseConnection.php(1525): CodeIgniter\Database\BaseConnection->query()
#4 /home/diariniaina/projects/taskManagment/system/Database/BaseConnection.php(1545): CodeIgniter\Database\BaseConnection->listTables()
#5 /home/diariniaina/projects/taskManagment/app/Controllers/AppInit.php(42): CodeIgniter\Database\BaseConnection->tableExists()
#6 /home/diariniaina/projects/taskManagment/system/CodeIgniter.php(933): App\Controllers\AppInit->index()
#7 /home/diariniaina/projects/taskManagment/system/CodeIgniter.php(507): CodeIgniter\CodeIgniter->runController()
#8 /home/diariniaina/projects/taskManagment/system/CodeIgniter.php(354): CodeIgniter\CodeIgniter->handleRequest()
#9 /home/diariniaina/projects/taskManagment/system/Boot.php(334): CodeIgniter\CodeIgniter->run()
#10 /home/diariniaina/projects/taskManagment/system/Boot.php(67): CodeIgniter\Boot::runCodeIgniter()
#11 /home/diariniaina/projects/taskManagment/public/index.php(56): CodeIgniter\Boot::bootWeb()
#12 /home/diariniaina/projects/taskManagment/system/rewrite.php(44): require_once('...')
#13 {main}

Next CodeIgniter\Database\Exceptions\DatabaseException: No such file or directory in /home/diariniaina/projects/taskManagment/system/Database/MySQLi/Connection.php:246
Stack trace:
#0 /home/diariniaina/projects/taskManagment/system/Database/BaseConnection.php(421): CodeIgniter\Database\MySQLi\Connection->connect()
#1 /home/diariniaina/projects/taskManagment/system/Database/BaseConnection.php(620): CodeIgniter\Database\BaseConnection->initialize()
#2 /home/diariniaina/projects/taskManagment/system/Database/BaseConnection.php(1525): CodeIgniter\Database\BaseConnection->query()
#3 /home/diariniaina/projects/taskManagment/system/Database/BaseConnection.php(1545): CodeIgniter\Database\BaseConnection->listTables()
#4 /home/diariniaina/projects/taskManagment/app/Controllers/AppInit.php(42): CodeIgniter\Database\BaseConnection->tableExists()
#5 /home/diariniaina/projects/taskManagment/system/CodeIgniter.php(933): App\Controllers\AppInit->index()
#6 /home/diariniaina/projects/taskManagment/system/CodeIgniter.php(507): CodeIgniter\CodeIgniter->runController()
#7 /home/diariniaina/projects/taskManagment/system/CodeIgniter.php(354): CodeIgniter\CodeIgniter->handleRequest()
#8 /home/diariniaina/projects/taskManagment/system/Boot.php(334): CodeIgniter\CodeIgniter->run()
#9 /home/diariniaina/projects/taskManagment/system/Boot.php(67): CodeIgniter\Boot::runCodeIgniter()
#10 /home/diariniaina/projects/taskManagment/public/index.php(56): CodeIgniter\Boot::bootWeb()
#11 /home/diariniaina/projects/taskManagment/system/rewrite.php(44): require_once('...')
#12 {main}
CRITICAL - 2025-06-13 06:21:42 --> CodeIgniter\Database\Exceptions\DatabaseException: Unable to connect to the database.
Main connection [MySQLi]: No such file or directory
[Method: GET, Route: /]
in SYSTEMPATH/Database/BaseConnection.php on line 467.
 1 SYSTEMPATH/Database/BaseConnection.php(620): CodeIgniter\Database\BaseConnection->initialize()
 2 SYSTEMPATH/Database/BaseConnection.php(1525): CodeIgniter\Database\BaseConnection->query()
 3 SYSTEMPATH/Database/BaseConnection.php(1545): CodeIgniter\Database\BaseConnection->listTables()
 4 APPPATH/Controllers/AppInit.php(42): CodeIgniter\Database\BaseConnection->tableExists()
 5 SYSTEMPATH/CodeIgniter.php(933): App\Controllers\AppInit->index()
 6 SYSTEMPATH/CodeIgniter.php(507): CodeIgniter\CodeIgniter->runController()
 7 SYSTEMPATH/CodeIgniter.php(354): CodeIgniter\CodeIgniter->handleRequest()
 8 SYSTEMPATH/Boot.php(334): CodeIgniter\CodeIgniter->run()
 9 SYSTEMPATH/Boot.php(67): CodeIgniter\Boot::runCodeIgniter()
10 FCPATH/index.php(56): CodeIgniter\Boot::bootWeb()
11 SYSTEMPATH/rewrite.php(44): require_once('/home/diariniaina/projects/taskManagment/public/index.php')
ERROR - 2025-06-13 06:21:44 --> Error connecting to the database: mysqli_sql_exception: No such file or directory in /home/diariniaina/projects/taskManagment/system/Database/MySQLi/Connection.php:201
Stack trace:
#0 /home/diariniaina/projects/taskManagment/system/Database/MySQLi/Connection.php(201): mysqli->real_connect()
#1 /home/diariniaina/projects/taskManagment/system/Database/BaseConnection.php(421): CodeIgniter\Database\MySQLi\Connection->connect()
#2 /home/diariniaina/projects/taskManagment/system/Database/BaseConnection.php(620): CodeIgniter\Database\BaseConnection->initialize()
#3 /home/diariniaina/projects/taskManagment/system/Database/BaseConnection.php(1525): CodeIgniter\Database\BaseConnection->query()
#4 /home/diariniaina/projects/taskManagment/system/Database/BaseConnection.php(1545): CodeIgniter\Database\BaseConnection->listTables()
#5 /home/diariniaina/projects/taskManagment/app/Controllers/AppInit.php(42): CodeIgniter\Database\BaseConnection->tableExists()
#6 /home/diariniaina/projects/taskManagment/system/CodeIgniter.php(933): App\Controllers\AppInit->index()
#7 /home/diariniaina/projects/taskManagment/system/CodeIgniter.php(507): CodeIgniter\CodeIgniter->runController()
#8 /home/diariniaina/projects/taskManagment/system/CodeIgniter.php(354): CodeIgniter\CodeIgniter->handleRequest()
#9 /home/diariniaina/projects/taskManagment/system/Boot.php(334): CodeIgniter\CodeIgniter->run()
#10 /home/diariniaina/projects/taskManagment/system/Boot.php(67): CodeIgniter\Boot::runCodeIgniter()
#11 /home/diariniaina/projects/taskManagment/public/index.php(56): CodeIgniter\Boot::bootWeb()
#12 /home/diariniaina/projects/taskManagment/system/rewrite.php(44): require_once('...')
#13 {main}

Next CodeIgniter\Database\Exceptions\DatabaseException: No such file or directory in /home/diariniaina/projects/taskManagment/system/Database/MySQLi/Connection.php:246
Stack trace:
#0 /home/diariniaina/projects/taskManagment/system/Database/BaseConnection.php(421): CodeIgniter\Database\MySQLi\Connection->connect()
#1 /home/diariniaina/projects/taskManagment/system/Database/BaseConnection.php(620): CodeIgniter\Database\BaseConnection->initialize()
#2 /home/diariniaina/projects/taskManagment/system/Database/BaseConnection.php(1525): CodeIgniter\Database\BaseConnection->query()
#3 /home/diariniaina/projects/taskManagment/system/Database/BaseConnection.php(1545): CodeIgniter\Database\BaseConnection->listTables()
#4 /home/diariniaina/projects/taskManagment/app/Controllers/AppInit.php(42): CodeIgniter\Database\BaseConnection->tableExists()
#5 /home/diariniaina/projects/taskManagment/system/CodeIgniter.php(933): App\Controllers\AppInit->index()
#6 /home/diariniaina/projects/taskManagment/system/CodeIgniter.php(507): CodeIgniter\CodeIgniter->runController()
#7 /home/diariniaina/projects/taskManagment/system/CodeIgniter.php(354): CodeIgniter\CodeIgniter->handleRequest()
#8 /home/diariniaina/projects/taskManagment/system/Boot.php(334): CodeIgniter\CodeIgniter->run()
#9 /home/diariniaina/projects/taskManagment/system/Boot.php(67): CodeIgniter\Boot::runCodeIgniter()
#10 /home/diariniaina/projects/taskManagment/public/index.php(56): CodeIgniter\Boot::bootWeb()
#11 /home/diariniaina/projects/taskManagment/system/rewrite.php(44): require_once('...')
#12 {main}
CRITICAL - 2025-06-13 06:21:44 --> CodeIgniter\Database\Exceptions\DatabaseException: Unable to connect to the database.
Main connection [MySQLi]: No such file or directory
[Method: GET, Route: /]
in SYSTEMPATH/Database/BaseConnection.php on line 467.
 1 SYSTEMPATH/Database/BaseConnection.php(620): CodeIgniter\Database\BaseConnection->initialize()
 2 SYSTEMPATH/Database/BaseConnection.php(1525): CodeIgniter\Database\BaseConnection->query()
 3 SYSTEMPATH/Database/BaseConnection.php(1545): CodeIgniter\Database\BaseConnection->listTables()
 4 APPPATH/Controllers/AppInit.php(42): CodeIgniter\Database\BaseConnection->tableExists()
 5 SYSTEMPATH/CodeIgniter.php(933): App\Controllers\AppInit->index()
 6 SYSTEMPATH/CodeIgniter.php(507): CodeIgniter\CodeIgniter->runController()
 7 SYSTEMPATH/CodeIgniter.php(354): CodeIgniter\CodeIgniter->handleRequest()
 8 SYSTEMPATH/Boot.php(334): CodeIgniter\CodeIgniter->run()
 9 SYSTEMPATH/Boot.php(67): CodeIgniter\Boot::runCodeIgniter()
10 FCPATH/index.php(56): CodeIgniter\Boot::bootWeb()
11 SYSTEMPATH/rewrite.php(44): require_once('/home/diariniaina/projects/taskManagment/public/index.php')
ERROR - 2025-06-13 06:21:46 --> Error connecting to the database: mysqli_sql_exception: No such file or directory in /home/diariniaina/projects/taskManagment/system/Database/MySQLi/Connection.php:201
Stack trace:
#0 /home/diariniaina/projects/taskManagment/system/Database/MySQLi/Connection.php(201): mysqli->real_connect()
#1 /home/diariniaina/projects/taskManagment/system/Database/BaseConnection.php(421): CodeIgniter\Database\MySQLi\Connection->connect()
#2 /home/diariniaina/projects/taskManagment/system/Database/BaseConnection.php(620): CodeIgniter\Database\BaseConnection->initialize()
#3 /home/diariniaina/projects/taskManagment/system/Database/BaseConnection.php(1525): CodeIgniter\Database\BaseConnection->query()
#4 /home/diariniaina/projects/taskManagment/system/Database/BaseConnection.php(1545): CodeIgniter\Database\BaseConnection->listTables()
#5 /home/diariniaina/projects/taskManagment/app/Controllers/AppInit.php(42): CodeIgniter\Database\BaseConnection->tableExists()
#6 /home/diariniaina/projects/taskManagment/system/CodeIgniter.php(933): App\Controllers\AppInit->index()
#7 /home/diariniaina/projects/taskManagment/system/CodeIgniter.php(507): CodeIgniter\CodeIgniter->runController()
#8 /home/diariniaina/projects/taskManagment/system/CodeIgniter.php(354): CodeIgniter\CodeIgniter->handleRequest()
#9 /home/diariniaina/projects/taskManagment/system/Boot.php(334): CodeIgniter\CodeIgniter->run()
#10 /home/diariniaina/projects/taskManagment/system/Boot.php(67): CodeIgniter\Boot::runCodeIgniter()
#11 /home/diariniaina/projects/taskManagment/public/index.php(56): CodeIgniter\Boot::bootWeb()
#12 /home/diariniaina/projects/taskManagment/system/rewrite.php(44): require_once('...')
#13 {main}

Next CodeIgniter\Database\Exceptions\DatabaseException: No such file or directory in /home/diariniaina/projects/taskManagment/system/Database/MySQLi/Connection.php:246
Stack trace:
#0 /home/diariniaina/projects/taskManagment/system/Database/BaseConnection.php(421): CodeIgniter\Database\MySQLi\Connection->connect()
#1 /home/diariniaina/projects/taskManagment/system/Database/BaseConnection.php(620): CodeIgniter\Database\BaseConnection->initialize()
#2 /home/diariniaina/projects/taskManagment/system/Database/BaseConnection.php(1525): CodeIgniter\Database\BaseConnection->query()
#3 /home/diariniaina/projects/taskManagment/system/Database/BaseConnection.php(1545): CodeIgniter\Database\BaseConnection->listTables()
#4 /home/diariniaina/projects/taskManagment/app/Controllers/AppInit.php(42): CodeIgniter\Database\BaseConnection->tableExists()
#5 /home/diariniaina/projects/taskManagment/system/CodeIgniter.php(933): App\Controllers\AppInit->index()
#6 /home/diariniaina/projects/taskManagment/system/CodeIgniter.php(507): CodeIgniter\CodeIgniter->runController()
#7 /home/diariniaina/projects/taskManagment/system/CodeIgniter.php(354): CodeIgniter\CodeIgniter->handleRequest()
#8 /home/diariniaina/projects/taskManagment/system/Boot.php(334): CodeIgniter\CodeIgniter->run()
#9 /home/diariniaina/projects/taskManagment/system/Boot.php(67): CodeIgniter\Boot::runCodeIgniter()
#10 /home/diariniaina/projects/taskManagment/public/index.php(56): CodeIgniter\Boot::bootWeb()
#11 /home/diariniaina/projects/taskManagment/system/rewrite.php(44): require_once('...')
#12 {main}
CRITICAL - 2025-06-13 06:21:46 --> CodeIgniter\Database\Exceptions\DatabaseException: Unable to connect to the database.
Main connection [MySQLi]: No such file or directory
[Method: GET, Route: /]
in SYSTEMPATH/Database/BaseConnection.php on line 467.
 1 SYSTEMPATH/Database/BaseConnection.php(620): CodeIgniter\Database\BaseConnection->initialize()
 2 SYSTEMPATH/Database/BaseConnection.php(1525): CodeIgniter\Database\BaseConnection->query()
 3 SYSTEMPATH/Database/BaseConnection.php(1545): CodeIgniter\Database\BaseConnection->listTables()
 4 APPPATH/Controllers/AppInit.php(42): CodeIgniter\Database\BaseConnection->tableExists()
 5 SYSTEMPATH/CodeIgniter.php(933): App\Controllers\AppInit->index()
 6 SYSTEMPATH/CodeIgniter.php(507): CodeIgniter\CodeIgniter->runController()
 7 SYSTEMPATH/CodeIgniter.php(354): CodeIgniter\CodeIgniter->handleRequest()
 8 SYSTEMPATH/Boot.php(334): CodeIgniter\CodeIgniter->run()
 9 SYSTEMPATH/Boot.php(67): CodeIgniter\Boot::runCodeIgniter()
10 FCPATH/index.php(56): CodeIgniter\Boot::bootWeb()
11 SYSTEMPATH/rewrite.php(44): require_once('/home/diariniaina/projects/taskManagment/public/index.php')
ERROR - 2025-06-13 06:22:13 --> Error connecting to the database: mysqli_sql_exception: Unknown database 'taskManagment' in /home/diariniaina/projects/taskManagment/system/Database/MySQLi/Connection.php:201
Stack trace:
#0 /home/diariniaina/projects/taskManagment/system/Database/MySQLi/Connection.php(201): mysqli->real_connect()
#1 /home/diariniaina/projects/taskManagment/system/Database/BaseConnection.php(421): CodeIgniter\Database\MySQLi\Connection->connect()
#2 /home/diariniaina/projects/taskManagment/system/Database/BaseConnection.php(620): CodeIgniter\Database\BaseConnection->initialize()
#3 /home/diariniaina/projects/taskManagment/system/Database/BaseConnection.php(1525): CodeIgniter\Database\BaseConnection->query()
#4 /home/diariniaina/projects/taskManagment/system/Database/BaseConnection.php(1545): CodeIgniter\Database\BaseConnection->listTables()
#5 /home/diariniaina/projects/taskManagment/app/Controllers/AppInit.php(42): CodeIgniter\Database\BaseConnection->tableExists()
#6 /home/diariniaina/projects/taskManagment/system/CodeIgniter.php(933): App\Controllers\AppInit->index()
#7 /home/diariniaina/projects/taskManagment/system/CodeIgniter.php(507): CodeIgniter\CodeIgniter->runController()
#8 /home/diariniaina/projects/taskManagment/system/CodeIgniter.php(354): CodeIgniter\CodeIgniter->handleRequest()
#9 /home/diariniaina/projects/taskManagment/system/Boot.php(334): CodeIgniter\CodeIgniter->run()
#10 /home/diariniaina/projects/taskManagment/system/Boot.php(67): CodeIgniter\Boot::runCodeIgniter()
#11 /home/diariniaina/projects/taskManagment/public/index.php(56): CodeIgniter\Boot::bootWeb()
#12 /home/diariniaina/projects/taskManagment/system/rewrite.php(44): require_once('...')
#13 {main}

Next CodeIgniter\Database\Exceptions\DatabaseException: Unknown database 'taskManagment' in /home/diariniaina/projects/taskManagment/system/Database/MySQLi/Connection.php:246
Stack trace:
#0 /home/diariniaina/projects/taskManagment/system/Database/BaseConnection.php(421): CodeIgniter\Database\MySQLi\Connection->connect()
#1 /home/diariniaina/projects/taskManagment/system/Database/BaseConnection.php(620): CodeIgniter\Database\BaseConnection->initialize()
#2 /home/diariniaina/projects/taskManagment/system/Database/BaseConnection.php(1525): CodeIgniter\Database\BaseConnection->query()
#3 /home/diariniaina/projects/taskManagment/system/Database/BaseConnection.php(1545): CodeIgniter\Database\BaseConnection->listTables()
#4 /home/diariniaina/projects/taskManagment/app/Controllers/AppInit.php(42): CodeIgniter\Database\BaseConnection->tableExists()
#5 /home/diariniaina/projects/taskManagment/system/CodeIgniter.php(933): App\Controllers\AppInit->index()
#6 /home/diariniaina/projects/taskManagment/system/CodeIgniter.php(507): CodeIgniter\CodeIgniter->runController()
#7 /home/diariniaina/projects/taskManagment/system/CodeIgniter.php(354): CodeIgniter\CodeIgniter->handleRequest()
#8 /home/diariniaina/projects/taskManagment/system/Boot.php(334): CodeIgniter\CodeIgniter->run()
#9 /home/diariniaina/projects/taskManagment/system/Boot.php(67): CodeIgniter\Boot::runCodeIgniter()
#10 /home/diariniaina/projects/taskManagment/public/index.php(56): CodeIgniter\Boot::bootWeb()
#11 /home/diariniaina/projects/taskManagment/system/rewrite.php(44): require_once('...')
#12 {main}
CRITICAL - 2025-06-13 06:22:13 --> CodeIgniter\Database\Exceptions\DatabaseException: Unable to connect to the database.
Main connection [MySQLi]: Unknown database 'taskManagment'
[Method: GET, Route: /]
in SYSTEMPATH/Database/BaseConnection.php on line 467.
 1 SYSTEMPATH/Database/BaseConnection.php(620): CodeIgniter\Database\BaseConnection->initialize()
 2 SYSTEMPATH/Database/BaseConnection.php(1525): CodeIgniter\Database\BaseConnection->query()
 3 SYSTEMPATH/Database/BaseConnection.php(1545): CodeIgniter\Database\BaseConnection->listTables()
 4 APPPATH/Controllers/AppInit.php(42): CodeIgniter\Database\BaseConnection->tableExists()
 5 SYSTEMPATH/CodeIgniter.php(933): App\Controllers\AppInit->index()
 6 SYSTEMPATH/CodeIgniter.php(507): CodeIgniter\CodeIgniter->runController()
 7 SYSTEMPATH/CodeIgniter.php(354): CodeIgniter\CodeIgniter->handleRequest()
 8 SYSTEMPATH/Boot.php(334): CodeIgniter\CodeIgniter->run()
 9 SYSTEMPATH/Boot.php(67): CodeIgniter\Boot::runCodeIgniter()
10 FCPATH/index.php(56): CodeIgniter\Boot::bootWeb()
11 SYSTEMPATH/rewrite.php(44): require_once('/home/diariniaina/projects/taskManagment/public/index.php')
ERROR - 2025-06-13 06:22:19 --> Error connecting to the database: mysqli_sql_exception: No such file or directory in /home/diariniaina/projects/taskManagment/system/Database/MySQLi/Connection.php:201
Stack trace:
#0 /home/diariniaina/projects/taskManagment/system/Database/MySQLi/Connection.php(201): mysqli->real_connect()
#1 /home/diariniaina/projects/taskManagment/system/Database/BaseConnection.php(421): CodeIgniter\Database\MySQLi\Connection->connect()
#2 /home/diariniaina/projects/taskManagment/system/Database/BaseConnection.php(620): CodeIgniter\Database\BaseConnection->initialize()
#3 /home/diariniaina/projects/taskManagment/system/Database/BaseConnection.php(1525): CodeIgniter\Database\BaseConnection->query()
#4 /home/diariniaina/projects/taskManagment/system/Database/BaseConnection.php(1545): CodeIgniter\Database\BaseConnection->listTables()
#5 /home/diariniaina/projects/taskManagment/app/Controllers/AppInit.php(42): CodeIgniter\Database\BaseConnection->tableExists()
#6 /home/diariniaina/projects/taskManagment/system/CodeIgniter.php(933): App\Controllers\AppInit->index()
#7 /home/diariniaina/projects/taskManagment/system/CodeIgniter.php(507): CodeIgniter\CodeIgniter->runController()
#8 /home/diariniaina/projects/taskManagment/system/CodeIgniter.php(354): CodeIgniter\CodeIgniter->handleRequest()
#9 /home/diariniaina/projects/taskManagment/system/Boot.php(334): CodeIgniter\CodeIgniter->run()
#10 /home/diariniaina/projects/taskManagment/system/Boot.php(67): CodeIgniter\Boot::runCodeIgniter()
#11 /home/diariniaina/projects/taskManagment/public/index.php(56): CodeIgniter\Boot::bootWeb()
#12 /home/diariniaina/projects/taskManagment/system/rewrite.php(44): require_once('...')
#13 {main}

Next CodeIgniter\Database\Exceptions\DatabaseException: No such file or directory in /home/diariniaina/projects/taskManagment/system/Database/MySQLi/Connection.php:246
Stack trace:
#0 /home/diariniaina/projects/taskManagment/system/Database/BaseConnection.php(421): CodeIgniter\Database\MySQLi\Connection->connect()
#1 /home/diariniaina/projects/taskManagment/system/Database/BaseConnection.php(620): CodeIgniter\Database\BaseConnection->initialize()
#2 /home/diariniaina/projects/taskManagment/system/Database/BaseConnection.php(1525): CodeIgniter\Database\BaseConnection->query()
#3 /home/diariniaina/projects/taskManagment/system/Database/BaseConnection.php(1545): CodeIgniter\Database\BaseConnection->listTables()
#4 /home/diariniaina/projects/taskManagment/app/Controllers/AppInit.php(42): CodeIgniter\Database\BaseConnection->tableExists()
#5 /home/diariniaina/projects/taskManagment/system/CodeIgniter.php(933): App\Controllers\AppInit->index()
#6 /home/diariniaina/projects/taskManagment/system/CodeIgniter.php(507): CodeIgniter\CodeIgniter->runController()
#7 /home/diariniaina/projects/taskManagment/system/CodeIgniter.php(354): CodeIgniter\CodeIgniter->handleRequest()
#8 /home/diariniaina/projects/taskManagment/system/Boot.php(334): CodeIgniter\CodeIgniter->run()
#9 /home/diariniaina/projects/taskManagment/system/Boot.php(67): CodeIgniter\Boot::runCodeIgniter()
#10 /home/diariniaina/projects/taskManagment/public/index.php(56): CodeIgniter\Boot::bootWeb()
#11 /home/diariniaina/projects/taskManagment/system/rewrite.php(44): require_once('...')
#12 {main}
CRITICAL - 2025-06-13 06:22:19 --> CodeIgniter\Database\Exceptions\DatabaseException: Unable to connect to the database.
Main connection [MySQLi]: No such file or directory
[Method: GET, Route: /]
in SYSTEMPATH/Database/BaseConnection.php on line 467.
 1 SYSTEMPATH/Database/BaseConnection.php(620): CodeIgniter\Database\BaseConnection->initialize()
 2 SYSTEMPATH/Database/BaseConnection.php(1525): CodeIgniter\Database\BaseConnection->query()
 3 SYSTEMPATH/Database/BaseConnection.php(1545): CodeIgniter\Database\BaseConnection->listTables()
 4 APPPATH/Controllers/AppInit.php(42): CodeIgniter\Database\BaseConnection->tableExists()
 5 SYSTEMPATH/CodeIgniter.php(933): App\Controllers\AppInit->index()
 6 SYSTEMPATH/CodeIgniter.php(507): CodeIgniter\CodeIgniter->runController()
 7 SYSTEMPATH/CodeIgniter.php(354): CodeIgniter\CodeIgniter->handleRequest()
 8 SYSTEMPATH/Boot.php(334): CodeIgniter\CodeIgniter->run()
 9 SYSTEMPATH/Boot.php(67): CodeIgniter\Boot::runCodeIgniter()
10 FCPATH/index.php(56): CodeIgniter\Boot::bootWeb()
11 SYSTEMPATH/rewrite.php(44): require_once('/home/diariniaina/projects/taskManagment/public/index.php')
ERROR - 2025-06-13 06:22:24 --> Error connecting to the database: mysqli_sql_exception: Unknown database 'taskManagment' in /home/diariniaina/projects/taskManagment/system/Database/MySQLi/Connection.php:201
Stack trace:
#0 /home/diariniaina/projects/taskManagment/system/Database/MySQLi/Connection.php(201): mysqli->real_connect()
#1 /home/diariniaina/projects/taskManagment/system/Database/BaseConnection.php(421): CodeIgniter\Database\MySQLi\Connection->connect()
#2 /home/diariniaina/projects/taskManagment/system/Database/BaseConnection.php(620): CodeIgniter\Database\BaseConnection->initialize()
#3 /home/diariniaina/projects/taskManagment/system/Database/BaseConnection.php(1525): CodeIgniter\Database\BaseConnection->query()
#4 /home/diariniaina/projects/taskManagment/system/Database/BaseConnection.php(1545): CodeIgniter\Database\BaseConnection->listTables()
#5 /home/diariniaina/projects/taskManagment/app/Controllers/AppInit.php(42): CodeIgniter\Database\BaseConnection->tableExists()
#6 /home/diariniaina/projects/taskManagment/system/CodeIgniter.php(933): App\Controllers\AppInit->index()
#7 /home/diariniaina/projects/taskManagment/system/CodeIgniter.php(507): CodeIgniter\CodeIgniter->runController()
#8 /home/diariniaina/projects/taskManagment/system/CodeIgniter.php(354): CodeIgniter\CodeIgniter->handleRequest()
#9 /home/diariniaina/projects/taskManagment/system/Boot.php(334): CodeIgniter\CodeIgniter->run()
#10 /home/diariniaina/projects/taskManagment/system/Boot.php(67): CodeIgniter\Boot::runCodeIgniter()
#11 /home/diariniaina/projects/taskManagment/public/index.php(56): CodeIgniter\Boot::bootWeb()
#12 /home/diariniaina/projects/taskManagment/system/rewrite.php(44): require_once('...')
#13 {main}

Next CodeIgniter\Database\Exceptions\DatabaseException: Unknown database 'taskManagment' in /home/diariniaina/projects/taskManagment/system/Database/MySQLi/Connection.php:246
Stack trace:
#0 /home/diariniaina/projects/taskManagment/system/Database/BaseConnection.php(421): CodeIgniter\Database\MySQLi\Connection->connect()
#1 /home/diariniaina/projects/taskManagment/system/Database/BaseConnection.php(620): CodeIgniter\Database\BaseConnection->initialize()
#2 /home/diariniaina/projects/taskManagment/system/Database/BaseConnection.php(1525): CodeIgniter\Database\BaseConnection->query()
#3 /home/diariniaina/projects/taskManagment/system/Database/BaseConnection.php(1545): CodeIgniter\Database\BaseConnection->listTables()
#4 /home/diariniaina/projects/taskManagment/app/Controllers/AppInit.php(42): CodeIgniter\Database\BaseConnection->tableExists()
#5 /home/diariniaina/projects/taskManagment/system/CodeIgniter.php(933): App\Controllers\AppInit->index()
#6 /home/diariniaina/projects/taskManagment/system/CodeIgniter.php(507): CodeIgniter\CodeIgniter->runController()
#7 /home/diariniaina/projects/taskManagment/system/CodeIgniter.php(354): CodeIgniter\CodeIgniter->handleRequest()
#8 /home/diariniaina/projects/taskManagment/system/Boot.php(334): CodeIgniter\CodeIgniter->run()
#9 /home/diariniaina/projects/taskManagment/system/Boot.php(67): CodeIgniter\Boot::runCodeIgniter()
#10 /home/diariniaina/projects/taskManagment/public/index.php(56): CodeIgniter\Boot::bootWeb()
#11 /home/diariniaina/projects/taskManagment/system/rewrite.php(44): require_once('...')
#12 {main}
CRITICAL - 2025-06-13 06:22:24 --> CodeIgniter\Database\Exceptions\DatabaseException: Unable to connect to the database.
Main connection [MySQLi]: Unknown database 'taskManagment'
[Method: GET, Route: /]
in SYSTEMPATH/Database/BaseConnection.php on line 467.
 1 SYSTEMPATH/Database/BaseConnection.php(620): CodeIgniter\Database\BaseConnection->initialize()
 2 SYSTEMPATH/Database/BaseConnection.php(1525): CodeIgniter\Database\BaseConnection->query()
 3 SYSTEMPATH/Database/BaseConnection.php(1545): CodeIgniter\Database\BaseConnection->listTables()
 4 APPPATH/Controllers/AppInit.php(42): CodeIgniter\Database\BaseConnection->tableExists()
 5 SYSTEMPATH/CodeIgniter.php(933): App\Controllers\AppInit->index()
 6 SYSTEMPATH/CodeIgniter.php(507): CodeIgniter\CodeIgniter->runController()
 7 SYSTEMPATH/CodeIgniter.php(354): CodeIgniter\CodeIgniter->handleRequest()
 8 SYSTEMPATH/Boot.php(334): CodeIgniter\CodeIgniter->run()
 9 SYSTEMPATH/Boot.php(67): CodeIgniter\Boot::runCodeIgniter()
10 FCPATH/index.php(56): CodeIgniter\Boot::bootWeb()
11 SYSTEMPATH/rewrite.php(44): require_once('/home/diariniaina/projects/taskManagment/public/index.php')
ERROR - 2025-06-13 06:58:36 --> mysqli_sql_exception: Table 'users' already exists in /home/diariniaina/projects/taskManagment/system/Database/MySQLi/Connection.php:327
Stack trace:
#0 /home/diariniaina/projects/taskManagment/system/Database/MySQLi/Connection.php(327): mysqli->query()
#1 /home/diariniaina/projects/taskManagment/system/Database/BaseConnection.php(738): CodeIgniter\Database\MySQLi\Connection->execute()
#2 /home/diariniaina/projects/taskManagment/system/Database/BaseConnection.php(652): CodeIgniter\Database\BaseConnection->simpleQuery()
#3 /home/diariniaina/projects/taskManagment/system/Database/Forge.php(570): CodeIgniter\Database\BaseConnection->query()
#4 /home/diariniaina/projects/taskManagment/app/Controllers/AppInit.php(91): CodeIgniter\Database\Forge->createTable()
#5 /home/diariniaina/projects/taskManagment/system/CodeIgniter.php(933): App\Controllers\AppInit->index()
#6 /home/diariniaina/projects/taskManagment/system/CodeIgniter.php(507): CodeIgniter\CodeIgniter->runController()
#7 /home/diariniaina/projects/taskManagment/system/CodeIgniter.php(354): CodeIgniter\CodeIgniter->handleRequest()
#8 /home/diariniaina/projects/taskManagment/system/Boot.php(334): CodeIgniter\CodeIgniter->run()
#9 /home/diariniaina/projects/taskManagment/system/Boot.php(67): CodeIgniter\Boot::runCodeIgniter()
#10 /home/diariniaina/projects/taskManagment/public/index.php(56): CodeIgniter\Boot::bootWeb()
#11 /home/diariniaina/projects/taskManagment/system/rewrite.php(44): require_once('...')
#12 {main}
CRITICAL - 2025-06-13 06:58:36 --> CodeIgniter\Database\Exceptions\DatabaseException: Table 'users' already exists
[Method: GET, Route: /]
in SYSTEMPATH/Database/BaseConnection.php on line 692.
 1 SYSTEMPATH/Database/Forge.php(570): CodeIgniter\Database\BaseConnection->query()
 2 APPPATH/Controllers/AppInit.php(91): CodeIgniter\Database\Forge->createTable()
 3 SYSTEMPATH/CodeIgniter.php(933): App\Controllers\AppInit->index()
 4 SYSTEMPATH/CodeIgniter.php(507): CodeIgniter\CodeIgniter->runController()
 5 SYSTEMPATH/CodeIgniter.php(354): CodeIgniter\CodeIgniter->handleRequest()
 6 SYSTEMPATH/Boot.php(334): CodeIgniter\CodeIgniter->run()
 7 SYSTEMPATH/Boot.php(67): CodeIgniter\Boot::runCodeIgniter()
 8 FCPATH/index.php(56): CodeIgniter\Boot::bootWeb()
 9 SYSTEMPATH/rewrite.php(44): require_once('/home/diariniaina/projects/taskManagment/public/index.php')
CRITICAL - 2025-06-13 06:58:36 --> [Caused by] CodeIgniter\Database\Exceptions\DatabaseException: Table 'users' already exists
in SYSTEMPATH/Database/MySQLi/Connection.php on line 332.
 1 SYSTEMPATH/Database/BaseConnection.php(738): CodeIgniter\Database\MySQLi\Connection->execute()
 2 SYSTEMPATH/Database/BaseConnection.php(652): CodeIgniter\Database\BaseConnection->simpleQuery()
 3 SYSTEMPATH/Database/Forge.php(570): CodeIgniter\Database\BaseConnection->query()
 4 APPPATH/Controllers/AppInit.php(91): CodeIgniter\Database\Forge->createTable()
 5 SYSTEMPATH/CodeIgniter.php(933): App\Controllers\AppInit->index()
 6 SYSTEMPATH/CodeIgniter.php(507): CodeIgniter\CodeIgniter->runController()
 7 SYSTEMPATH/CodeIgniter.php(354): CodeIgniter\CodeIgniter->handleRequest()
 8 SYSTEMPATH/Boot.php(334): CodeIgniter\CodeIgniter->run()
 9 SYSTEMPATH/Boot.php(67): CodeIgniter\Boot::runCodeIgniter()
10 FCPATH/index.php(56): CodeIgniter\Boot::bootWeb()
11 SYSTEMPATH/rewrite.php(44): require_once('/home/diariniaina/projects/taskManagment/public/index.php')
CRITICAL - 2025-06-13 06:58:36 --> [Caused by] mysqli_sql_exception: Table 'users' already exists
in SYSTEMPATH/Database/MySQLi/Connection.php on line 327.
 1 SYSTEMPATH/Database/MySQLi/Connection.php(327): mysqli->query()
 2 SYSTEMPATH/Database/BaseConnection.php(738): CodeIgniter\Database\MySQLi\Connection->execute()
 3 SYSTEMPATH/Database/BaseConnection.php(652): CodeIgniter\Database\BaseConnection->simpleQuery()
 4 SYSTEMPATH/Database/Forge.php(570): CodeIgniter\Database\BaseConnection->query()
 5 APPPATH/Controllers/AppInit.php(91): CodeIgniter\Database\Forge->createTable()
 6 SYSTEMPATH/CodeIgniter.php(933): App\Controllers\AppInit->index()
 7 SYSTEMPATH/CodeIgniter.php(507): CodeIgniter\CodeIgniter->runController()
 8 SYSTEMPATH/CodeIgniter.php(354): CodeIgniter\CodeIgniter->handleRequest()
 9 SYSTEMPATH/Boot.php(334): CodeIgniter\CodeIgniter->run()
10 SYSTEMPATH/Boot.php(67): CodeIgniter\Boot::runCodeIgniter()
11 FCPATH/index.php(56): CodeIgniter\Boot::bootWeb()
12 SYSTEMPATH/rewrite.php(44): require_once('/home/diariniaina/projects/taskManagment/public/index.php')
ERROR - 2025-06-13 07:00:13 --> mysqli_sql_exception: Table 'users' already exists in /home/diariniaina/projects/taskManagment/system/Database/MySQLi/Connection.php:327
Stack trace:
#0 /home/diariniaina/projects/taskManagment/system/Database/MySQLi/Connection.php(327): mysqli->query()
#1 /home/diariniaina/projects/taskManagment/system/Database/BaseConnection.php(738): CodeIgniter\Database\MySQLi\Connection->execute()
#2 /home/diariniaina/projects/taskManagment/system/Database/BaseConnection.php(652): CodeIgniter\Database\BaseConnection->simpleQuery()
#3 /home/diariniaina/projects/taskManagment/system/Database/Forge.php(570): CodeIgniter\Database\BaseConnection->query()
#4 /home/diariniaina/projects/taskManagment/app/Controllers/AppInit.php(91): CodeIgniter\Database\Forge->createTable()
#5 /home/diariniaina/projects/taskManagment/system/CodeIgniter.php(933): App\Controllers\AppInit->index()
#6 /home/diariniaina/projects/taskManagment/system/CodeIgniter.php(507): CodeIgniter\CodeIgniter->runController()
#7 /home/diariniaina/projects/taskManagment/system/CodeIgniter.php(354): CodeIgniter\CodeIgniter->handleRequest()
#8 /home/diariniaina/projects/taskManagment/system/Boot.php(334): CodeIgniter\CodeIgniter->run()
#9 /home/diariniaina/projects/taskManagment/system/Boot.php(67): CodeIgniter\Boot::runCodeIgniter()
#10 /home/diariniaina/projects/taskManagment/public/index.php(56): CodeIgniter\Boot::bootWeb()
#11 /home/diariniaina/projects/taskManagment/system/rewrite.php(44): require_once('...')
#12 {main}
CRITICAL - 2025-06-13 07:00:13 --> CodeIgniter\Database\Exceptions\DatabaseException: Table 'users' already exists
[Method: GET, Route: /]
in SYSTEMPATH/Database/BaseConnection.php on line 692.
 1 SYSTEMPATH/Database/Forge.php(570): CodeIgniter\Database\BaseConnection->query()
 2 APPPATH/Controllers/AppInit.php(91): CodeIgniter\Database\Forge->createTable()
 3 SYSTEMPATH/CodeIgniter.php(933): App\Controllers\AppInit->index()
 4 SYSTEMPATH/CodeIgniter.php(507): CodeIgniter\CodeIgniter->runController()
 5 SYSTEMPATH/CodeIgniter.php(354): CodeIgniter\CodeIgniter->handleRequest()
 6 SYSTEMPATH/Boot.php(334): CodeIgniter\CodeIgniter->run()
 7 SYSTEMPATH/Boot.php(67): CodeIgniter\Boot::runCodeIgniter()
 8 FCPATH/index.php(56): CodeIgniter\Boot::bootWeb()
 9 SYSTEMPATH/rewrite.php(44): require_once('/home/diariniaina/projects/taskManagment/public/index.php')
CRITICAL - 2025-06-13 07:00:13 --> [Caused by] CodeIgniter\Database\Exceptions\DatabaseException: Table 'users' already exists
in SYSTEMPATH/Database/MySQLi/Connection.php on line 332.
 1 SYSTEMPATH/Database/BaseConnection.php(738): CodeIgniter\Database\MySQLi\Connection->execute()
 2 SYSTEMPATH/Database/BaseConnection.php(652): CodeIgniter\Database\BaseConnection->simpleQuery()
 3 SYSTEMPATH/Database/Forge.php(570): CodeIgniter\Database\BaseConnection->query()
 4 APPPATH/Controllers/AppInit.php(91): CodeIgniter\Database\Forge->createTable()
 5 SYSTEMPATH/CodeIgniter.php(933): App\Controllers\AppInit->index()
 6 SYSTEMPATH/CodeIgniter.php(507): CodeIgniter\CodeIgniter->runController()
 7 SYSTEMPATH/CodeIgniter.php(354): CodeIgniter\CodeIgniter->handleRequest()
 8 SYSTEMPATH/Boot.php(334): CodeIgniter\CodeIgniter->run()
 9 SYSTEMPATH/Boot.php(67): CodeIgniter\Boot::runCodeIgniter()
10 FCPATH/index.php(56): CodeIgniter\Boot::bootWeb()
11 SYSTEMPATH/rewrite.php(44): require_once('/home/diariniaina/projects/taskManagment/public/index.php')
CRITICAL - 2025-06-13 07:00:13 --> [Caused by] mysqli_sql_exception: Table 'users' already exists
in SYSTEMPATH/Database/MySQLi/Connection.php on line 327.
 1 SYSTEMPATH/Database/MySQLi/Connection.php(327): mysqli->query()
 2 SYSTEMPATH/Database/BaseConnection.php(738): CodeIgniter\Database\MySQLi\Connection->execute()
 3 SYSTEMPATH/Database/BaseConnection.php(652): CodeIgniter\Database\BaseConnection->simpleQuery()
 4 SYSTEMPATH/Database/Forge.php(570): CodeIgniter\Database\BaseConnection->query()
 5 APPPATH/Controllers/AppInit.php(91): CodeIgniter\Database\Forge->createTable()
 6 SYSTEMPATH/CodeIgniter.php(933): App\Controllers\AppInit->index()
 7 SYSTEMPATH/CodeIgniter.php(507): CodeIgniter\CodeIgniter->runController()
 8 SYSTEMPATH/CodeIgniter.php(354): CodeIgniter\CodeIgniter->handleRequest()
 9 SYSTEMPATH/Boot.php(334): CodeIgniter\CodeIgniter->run()
10 SYSTEMPATH/Boot.php(67): CodeIgniter\Boot::runCodeIgniter()
11 FCPATH/index.php(56): CodeIgniter\Boot::bootWeb()
12 SYSTEMPATH/rewrite.php(44): require_once('/home/diariniaina/projects/taskManagment/public/index.php')
CRITICAL - 2025-06-13 08:02:03 --> CodeIgniter\View\Exceptions\ViewException: Invalid file: "inscription_view.php"
[Method: GET, Route: inscription]
in SYSTEMPATH/Exceptions/FrameworkException.php on line 39.
 1 SYSTEMPATH/View/View.php(212): CodeIgniter\Exceptions\FrameworkException::forInvalidFile()
 2 SYSTEMPATH/Common.php(1173): CodeIgniter\View\View->render()
 3 APPPATH/Controllers/Home.php(9): view()
 4 SYSTEMPATH/CodeIgniter.php(933): App\Controllers\Home->inscription()
 5 SYSTEMPATH/CodeIgniter.php(507): CodeIgniter\CodeIgniter->runController()
 6 SYSTEMPATH/CodeIgniter.php(354): CodeIgniter\CodeIgniter->handleRequest()
 7 SYSTEMPATH/Boot.php(334): CodeIgniter\CodeIgniter->run()
 8 SYSTEMPATH/Boot.php(67): CodeIgniter\Boot::runCodeIgniter()
 9 FCPATH/index.php(56): CodeIgniter\Boot::bootWeb()
10 SYSTEMPATH/rewrite.php(44): require_once('/home/diariniaina/projects/taskManagment/public/index.php')
DEBUG - 2025-06-13 08:02:38 --> Session: Class initialized using 'CodeIgniter\Session\Handlers\FileHandler' driver.
DEBUG - 2025-06-13 08:04:19 --> Session: Class initialized using 'CodeIgniter\Session\Handlers\FileHandler' driver.
DEBUG - 2025-06-13 08:05:04 --> Session: Class initialized using 'CodeIgniter\Session\Handlers\FileHandler' driver.
DEBUG - 2025-06-13 08:05:50 --> Session: Class initialized using 'CodeIgniter\Session\Handlers\FileHandler' driver.
DEBUG - 2025-06-13 08:06:36 --> Session: Class initialized using 'CodeIgniter\Session\Handlers\FileHandler' driver.
DEBUG - 2025-06-13 08:07:43 --> Session: Class initialized using 'CodeIgniter\Session\Handlers\FileHandler' driver.
DEBUG - 2025-06-13 08:08:42 --> Session: Class initialized using 'CodeIgniter\Session\Handlers\FileHandler' driver.
DEBUG - 2025-06-13 08:20:37 --> Session: Class initialized using 'CodeIgniter\Session\Handlers\FileHandler' driver.
DEBUG - 2025-06-13 08:20:39 --> Session: Class initialized using 'CodeIgniter\Session\Handlers\FileHandler' driver.
DEBUG - 2025-06-13 08:20:40 --> Session: Class initialized using 'CodeIgniter\Session\Handlers\FileHandler' driver.
DEBUG - 2025-06-13 08:20:41 --> Session: Class initialized using 'CodeIgniter\Session\Handlers\FileHandler' driver.
DEBUG - 2025-06-13 08:20:42 --> Session: Class initialized using 'CodeIgniter\Session\Handlers\FileHandler' driver.
ERROR - 2025-06-13 08:22:58 --> mysqli_sql_exception: Unknown column 'pwd' in 'field list' in /home/diariniaina/projects/taskManagment/system/Database/MySQLi/Connection.php:327
Stack trace:
#0 /home/diariniaina/projects/taskManagment/system/Database/MySQLi/Connection.php(327): mysqli->query()
#1 /home/diariniaina/projects/taskManagment/system/Database/BaseConnection.php(738): CodeIgniter\Database\MySQLi\Connection->execute()
#2 /home/diariniaina/projects/taskManagment/system/Database/BaseConnection.php(652): CodeIgniter\Database\BaseConnection->simpleQuery()
#3 /home/diariniaina/projects/taskManagment/system/Database/BaseBuilder.php(2345): CodeIgniter\Database\BaseConnection->query()
#4 /home/diariniaina/projects/taskManagment/system/Model.php(394): CodeIgniter\Database\BaseBuilder->insert()
#5 /home/diariniaina/projects/taskManagment/system/BaseModel.php(839): CodeIgniter\Model->doInsert()
#6 /home/diariniaina/projects/taskManagment/system/Model.php(800): CodeIgniter\BaseModel->insert()
#7 /home/diariniaina/projects/taskManagment/app/Controllers/Home.php(35): CodeIgniter\Model->insert()
#8 /home/diariniaina/projects/taskManagment/system/CodeIgniter.php(933): App\Controllers\Home->inscriptionPost()
#9 /home/diariniaina/projects/taskManagment/system/CodeIgniter.php(507): CodeIgniter\CodeIgniter->runController()
#10 /home/diariniaina/projects/taskManagment/system/CodeIgniter.php(354): CodeIgniter\CodeIgniter->handleRequest()
#11 /home/diariniaina/projects/taskManagment/system/Boot.php(334): CodeIgniter\CodeIgniter->run()
#12 /home/diariniaina/projects/taskManagment/system/Boot.php(67): CodeIgniter\Boot::runCodeIgniter()
#13 /home/diariniaina/projects/taskManagment/public/index.php(56): CodeIgniter\Boot::bootWeb()
#14 /home/diariniaina/projects/taskManagment/system/rewrite.php(44): require_once('...')
#15 {main}
CRITICAL - 2025-06-13 08:22:58 --> CodeIgniter\Database\Exceptions\DatabaseException: Unknown column 'pwd' in 'field list'
[Method: POST, Route: inscription]
in SYSTEMPATH/Database/BaseConnection.php on line 692.
 1 SYSTEMPATH/Database/BaseBuilder.php(2345): CodeIgniter\Database\BaseConnection->query()
 2 SYSTEMPATH/Model.php(394): CodeIgniter\Database\BaseBuilder->insert()
 3 SYSTEMPATH/BaseModel.php(839): CodeIgniter\Model->doInsert()
 4 SYSTEMPATH/Model.php(800): CodeIgniter\BaseModel->insert()
 5 APPPATH/Controllers/Home.php(35): CodeIgniter\Model->insert()
 6 SYSTEMPATH/CodeIgniter.php(933): App\Controllers\Home->inscriptionPost()
 7 SYSTEMPATH/CodeIgniter.php(507): CodeIgniter\CodeIgniter->runController()
 8 SYSTEMPATH/CodeIgniter.php(354): CodeIgniter\CodeIgniter->handleRequest()
 9 SYSTEMPATH/Boot.php(334): CodeIgniter\CodeIgniter->run()
10 SYSTEMPATH/Boot.php(67): CodeIgniter\Boot::runCodeIgniter()
11 FCPATH/index.php(56): CodeIgniter\Boot::bootWeb()
12 SYSTEMPATH/rewrite.php(44): require_once('/home/diariniaina/projects/taskManagment/public/index.php')
CRITICAL - 2025-06-13 08:22:58 --> [Caused by] CodeIgniter\Database\Exceptions\DatabaseException: Unknown column 'pwd' in 'field list'
in SYSTEMPATH/Database/MySQLi/Connection.php on line 332.
 1 SYSTEMPATH/Database/BaseConnection.php(738): CodeIgniter\Database\MySQLi\Connection->execute()
 2 SYSTEMPATH/Database/BaseConnection.php(652): CodeIgniter\Database\BaseConnection->simpleQuery()
 3 SYSTEMPATH/Database/BaseBuilder.php(2345): CodeIgniter\Database\BaseConnection->query()
 4 SYSTEMPATH/Model.php(394): CodeIgniter\Database\BaseBuilder->insert()
 5 SYSTEMPATH/BaseModel.php(839): CodeIgniter\Model->doInsert()
 6 SYSTEMPATH/Model.php(800): CodeIgniter\BaseModel->insert()
 7 APPPATH/Controllers/Home.php(35): CodeIgniter\Model->insert()
 8 SYSTEMPATH/CodeIgniter.php(933): App\Controllers\Home->inscriptionPost()
 9 SYSTEMPATH/CodeIgniter.php(507): CodeIgniter\CodeIgniter->runController()
10 SYSTEMPATH/CodeIgniter.php(354): CodeIgniter\CodeIgniter->handleRequest()
11 SYSTEMPATH/Boot.php(334): CodeIgniter\CodeIgniter->run()
12 SYSTEMPATH/Boot.php(67): CodeIgniter\Boot::runCodeIgniter()
13 FCPATH/index.php(56): CodeIgniter\Boot::bootWeb()
14 SYSTEMPATH/rewrite.php(44): require_once('/home/diariniaina/projects/taskManagment/public/index.php')
CRITICAL - 2025-06-13 08:22:58 --> [Caused by] mysqli_sql_exception: Unknown column 'pwd' in 'field list'
in SYSTEMPATH/Database/MySQLi/Connection.php on line 327.
 1 SYSTEMPATH/Database/MySQLi/Connection.php(327): mysqli->query()
 2 SYSTEMPATH/Database/BaseConnection.php(738): CodeIgniter\Database\MySQLi\Connection->execute()
 3 SYSTEMPATH/Database/BaseConnection.php(652): CodeIgniter\Database\BaseConnection->simpleQuery()
 4 SYSTEMPATH/Database/BaseBuilder.php(2345): CodeIgniter\Database\BaseConnection->query()
 5 SYSTEMPATH/Model.php(394): CodeIgniter\Database\BaseBuilder->insert()
 6 SYSTEMPATH/BaseModel.php(839): CodeIgniter\Model->doInsert()
 7 SYSTEMPATH/Model.php(800): CodeIgniter\BaseModel->insert()
 8 APPPATH/Controllers/Home.php(35): CodeIgniter\Model->insert()
 9 SYSTEMPATH/CodeIgniter.php(933): App\Controllers\Home->inscriptionPost()
10 SYSTEMPATH/CodeIgniter.php(507): CodeIgniter\CodeIgniter->runController()
11 SYSTEMPATH/CodeIgniter.php(354): CodeIgniter\CodeIgniter->handleRequest()
12 SYSTEMPATH/Boot.php(334): CodeIgniter\CodeIgniter->run()
13 SYSTEMPATH/Boot.php(67): CodeIgniter\Boot::runCodeIgniter()
14 FCPATH/index.php(56): CodeIgniter\Boot::bootWeb()
15 SYSTEMPATH/rewrite.php(44): require_once('/home/diariniaina/projects/taskManagment/public/index.php')
DEBUG - 2025-06-13 08:24:03 --> Session: Class initialized using 'CodeIgniter\Session\Handlers\FileHandler' driver.
ERROR - 2025-06-13 08:24:34 --> mysqli_sql_exception: Unknown column 'updated_at' in 'field list' in /home/diariniaina/projects/taskManagment/system/Database/MySQLi/Connection.php:327
Stack trace:
#0 /home/diariniaina/projects/taskManagment/system/Database/MySQLi/Connection.php(327): mysqli->query()
#1 /home/diariniaina/projects/taskManagment/system/Database/BaseConnection.php(738): CodeIgniter\Database\MySQLi\Connection->execute()
#2 /home/diariniaina/projects/taskManagment/system/Database/BaseConnection.php(652): CodeIgniter\Database\BaseConnection->simpleQuery()
#3 /home/diariniaina/projects/taskManagment/system/Database/BaseBuilder.php(2345): CodeIgniter\Database\BaseConnection->query()
#4 /home/diariniaina/projects/taskManagment/system/Model.php(394): CodeIgniter\Database\BaseBuilder->insert()
#5 /home/diariniaina/projects/taskManagment/system/BaseModel.php(839): CodeIgniter\Model->doInsert()
#6 /home/diariniaina/projects/taskManagment/system/Model.php(800): CodeIgniter\BaseModel->insert()
#7 /home/diariniaina/projects/taskManagment/app/Controllers/Home.php(35): CodeIgniter\Model->insert()
#8 /home/diariniaina/projects/taskManagment/system/CodeIgniter.php(933): App\Controllers\Home->inscriptionPost()
#9 /home/diariniaina/projects/taskManagment/system/CodeIgniter.php(507): CodeIgniter\CodeIgniter->runController()
#10 /home/diariniaina/projects/taskManagment/system/CodeIgniter.php(354): CodeIgniter\CodeIgniter->handleRequest()
#11 /home/diariniaina/projects/taskManagment/system/Boot.php(334): CodeIgniter\CodeIgniter->run()
#12 /home/diariniaina/projects/taskManagment/system/Boot.php(67): CodeIgniter\Boot::runCodeIgniter()
#13 /home/diariniaina/projects/taskManagment/public/index.php(56): CodeIgniter\Boot::bootWeb()
#14 /home/diariniaina/projects/taskManagment/system/rewrite.php(44): require_once('...')
#15 {main}
CRITICAL - 2025-06-13 08:24:34 --> CodeIgniter\Database\Exceptions\DatabaseException: Unknown column 'updated_at' in 'field list'
[Method: POST, Route: inscription]
in SYSTEMPATH/Database/BaseConnection.php on line 692.
 1 SYSTEMPATH/Database/BaseBuilder.php(2345): CodeIgniter\Database\BaseConnection->query()
 2 SYSTEMPATH/Model.php(394): CodeIgniter\Database\BaseBuilder->insert()
 3 SYSTEMPATH/BaseModel.php(839): CodeIgniter\Model->doInsert()
 4 SYSTEMPATH/Model.php(800): CodeIgniter\BaseModel->insert()
 5 APPPATH/Controllers/Home.php(35): CodeIgniter\Model->insert()
 6 SYSTEMPATH/CodeIgniter.php(933): App\Controllers\Home->inscriptionPost()
 7 SYSTEMPATH/CodeIgniter.php(507): CodeIgniter\CodeIgniter->runController()
 8 SYSTEMPATH/CodeIgniter.php(354): CodeIgniter\CodeIgniter->handleRequest()
 9 SYSTEMPATH/Boot.php(334): CodeIgniter\CodeIgniter->run()
10 SYSTEMPATH/Boot.php(67): CodeIgniter\Boot::runCodeIgniter()
11 FCPATH/index.php(56): CodeIgniter\Boot::bootWeb()
12 SYSTEMPATH/rewrite.php(44): require_once('/home/diariniaina/projects/taskManagment/public/index.php')
CRITICAL - 2025-06-13 08:24:34 --> [Caused by] CodeIgniter\Database\Exceptions\DatabaseException: Unknown column 'updated_at' in 'field list'
in SYSTEMPATH/Database/MySQLi/Connection.php on line 332.
 1 SYSTEMPATH/Database/BaseConnection.php(738): CodeIgniter\Database\MySQLi\Connection->execute()
 2 SYSTEMPATH/Database/BaseConnection.php(652): CodeIgniter\Database\BaseConnection->simpleQuery()
 3 SYSTEMPATH/Database/BaseBuilder.php(2345): CodeIgniter\Database\BaseConnection->query()
 4 SYSTEMPATH/Model.php(394): CodeIgniter\Database\BaseBuilder->insert()
 5 SYSTEMPATH/BaseModel.php(839): CodeIgniter\Model->doInsert()
 6 SYSTEMPATH/Model.php(800): CodeIgniter\BaseModel->insert()
 7 APPPATH/Controllers/Home.php(35): CodeIgniter\Model->insert()
 8 SYSTEMPATH/CodeIgniter.php(933): App\Controllers\Home->inscriptionPost()
 9 SYSTEMPATH/CodeIgniter.php(507): CodeIgniter\CodeIgniter->runController()
10 SYSTEMPATH/CodeIgniter.php(354): CodeIgniter\CodeIgniter->handleRequest()
11 SYSTEMPATH/Boot.php(334): CodeIgniter\CodeIgniter->run()
12 SYSTEMPATH/Boot.php(67): CodeIgniter\Boot::runCodeIgniter()
13 FCPATH/index.php(56): CodeIgniter\Boot::bootWeb()
14 SYSTEMPATH/rewrite.php(44): require_once('/home/diariniaina/projects/taskManagment/public/index.php')
CRITICAL - 2025-06-13 08:24:34 --> [Caused by] mysqli_sql_exception: Unknown column 'updated_at' in 'field list'
in SYSTEMPATH/Database/MySQLi/Connection.php on line 327.
 1 SYSTEMPATH/Database/MySQLi/Connection.php(327): mysqli->query()
 2 SYSTEMPATH/Database/BaseConnection.php(738): CodeIgniter\Database\MySQLi\Connection->execute()
 3 SYSTEMPATH/Database/BaseConnection.php(652): CodeIgniter\Database\BaseConnection->simpleQuery()
 4 SYSTEMPATH/Database/BaseBuilder.php(2345): CodeIgniter\Database\BaseConnection->query()
 5 SYSTEMPATH/Model.php(394): CodeIgniter\Database\BaseBuilder->insert()
 6 SYSTEMPATH/BaseModel.php(839): CodeIgniter\Model->doInsert()
 7 SYSTEMPATH/Model.php(800): CodeIgniter\BaseModel->insert()
 8 APPPATH/Controllers/Home.php(35): CodeIgniter\Model->insert()
 9 SYSTEMPATH/CodeIgniter.php(933): App\Controllers\Home->inscriptionPost()
10 SYSTEMPATH/CodeIgniter.php(507): CodeIgniter\CodeIgniter->runController()
11 SYSTEMPATH/CodeIgniter.php(354): CodeIgniter\CodeIgniter->handleRequest()
12 SYSTEMPATH/Boot.php(334): CodeIgniter\CodeIgniter->run()
13 SYSTEMPATH/Boot.php(67): CodeIgniter\Boot::runCodeIgniter()
14 FCPATH/index.php(56): CodeIgniter\Boot::bootWeb()
15 SYSTEMPATH/rewrite.php(44): require_once('/home/diariniaina/projects/taskManagment/public/index.php')
DEBUG - 2025-06-13 08:28:01 --> Session: Class initialized using 'CodeIgniter\Session\Handlers\FileHandler' driver.
DEBUG - 2025-06-13 08:28:01 --> Session: Class initialized using 'CodeIgniter\Session\Handlers\FileHandler' driver.
DEBUG - 2025-06-13 08:28:12 --> Session: Class initialized using 'CodeIgniter\Session\Handlers\FileHandler' driver.
